        -:    0:Source:/Users/yp1017/development/daft-duckdb-multimodal/duckdb/src/include/duckdb/common/shared_ptr_ipp.hpp
        -:    0:Graph:/Users/yp1017/development/daft-duckdb-multimodal/duckdb/build/test/extension/ai.duckdb_extension-ai_filter.gcno
        -:    0:Data:/Users/yp1017/development/daft-duckdb-multimodal/duckdb/build/test/extension/ai.duckdb_extension-ai_filter.gcda
        -:    0:Runs:1
        -:    0:Programs:1
        -:    1:#pragma once
        -:    2:
        -:    3:#include "duckdb/common/compatible_with_ipp.hpp"
        -:    4:
        -:    5:namespace duckdb {
        -:    6:
        -:    7:template <typename T, bool SAFE = true>
        -:    8:class weak_ptr;
        -:    9:
        -:   10:template <class T>
        -:   11:class enable_shared_from_this;
        -:   12:
        -:   13:template <typename T, bool SAFE = true>
        -:   14:class shared_ptr { // NOLINT: invalid case style
        -:   15:public:
        -:   16:	using original = std::shared_ptr<T>;
        -:   17:	using element_type = typename original::element_type;
        -:   18:	using weak_type = weak_ptr<T, SAFE>;
        -:   19:
        -:   20:private:
    #####:   21:	static inline void AssertNotNull(const bool null) {
        -:   22:#if defined(DUCKDB_DEBUG_NO_SAFETY) || defined(DUCKDB_CLANG_TIDY)
        -:   23:		return;
        -:   24:#else
    #####:   25:		if (DUCKDB_UNLIKELY(null)) {
    #####:   26:			throw duckdb::InternalException("Attempted to dereference shared_ptr that is NULL!");
        -:   27:		}
        -:   28:#endif
    #####:   29:	}
        -:   30:
        -:   31:private:
        -:   32:	template <class U, bool SAFE_P>
        -:   33:	friend class weak_ptr;
        -:   34:
        -:   35:	template <class U, bool SAFE_P>
        -:   36:	friend class shared_ptr;
        -:   37:
        -:   38:	template <typename U, typename S>
        -:   39:	friend shared_ptr<S> shared_ptr_cast(shared_ptr<U> src); // NOLINT: invalid case style
        -:   40:
        -:   41:private:
        -:   42:	original internal;
        -:   43:
        -:   44:public:
        -:   45:	// Constructors
        -:   46:	shared_ptr() : internal() {
        -:   47:	}
        -:   48:	shared_ptr(std::nullptr_t) : internal(nullptr) { // NOLINT: not marked as explicit
        -:   49:	}
        -:   50:
        -:   51:	// From raw pointer of type U convertible to T
        -:   52:	template <class U, typename std::enable_if<compatible_with_t<U, T>::value, int>::type = 0>
        -:   53:	explicit shared_ptr(U *ptr) : internal(ptr) {
        -:   54:		__enable_weak_this(internal.get(), internal.get());
        -:   55:	}
        -:   56:	// From raw pointer of type T with custom DELETER
        -:   57:	template <typename DELETER>
        -:   58:	shared_ptr(T *ptr, DELETER deleter) : internal(ptr, deleter) {
        -:   59:		__enable_weak_this(internal.get(), internal.get());
        -:   60:	}
        -:   61:	// Aliasing constructor: shares ownership information with ref but contains ptr instead
        -:   62:	// When the created shared_ptr goes out of scope, it will call the DELETER of ref, will not delete ptr
        -:   63:	template <class U>
        -:   64:	shared_ptr(const shared_ptr<U> &ref, T *ptr) noexcept : internal(ref.internal, ptr) {
        -:   65:	}
        -:   66:#if _LIBCPP_STD_VER >= 20
        -:   67:	template <class U>
        -:   68:	shared_ptr(shared_ptr<U> &&ref, T *ptr) noexcept : internal(std::move(ref.internal), ptr) {
        -:   69:	}
        -:   70:#endif
        -:   71:
        -:   72:	// Copy constructor, share ownership with ref
        -:   73:	template <class U, typename std::enable_if<compatible_with_t<U, T>::value, int>::type = 0>
        -:   74:	shared_ptr(const shared_ptr<U> &ref) noexcept : internal(ref.internal) { // NOLINT: not marked as explicit
        -:   75:	}
        -:   76:	shared_ptr(const shared_ptr &other) : internal(other.internal) { // NOLINT: not marked as explicit
        -:   77:	}
        -:   78:	// Move constructor, share ownership with ref
        -:   79:	template <class U, typename std::enable_if<compatible_with_t<U, T>::value, int>::type = 0>
        -:   80:#ifdef DUCKDB_CLANG_TIDY
        -:   81:	[[clang::reinitializes]]
        -:   82:#endif
        -:   83:	shared_ptr(shared_ptr<U> &&ref) noexcept // NOLINT: not marked as explicit
        -:   84:	    : internal(std::move(ref.internal)) {
        -:   85:	}
        -:   86:	// move constructor
        -:   87:#ifdef DUCKDB_CLANG_TIDY
        -:   88:	[[clang::reinitializes]]
        -:   89:#endif
    #####:   90:	shared_ptr(shared_ptr<T, SAFE> &&other) noexcept
    #####:   91:	    : internal(std::move(other.internal)) {
    #####:   92:	}
        -:   93:
        -:   94:	// Construct from std::shared_ptr
    #####:   95:	explicit shared_ptr(std::shared_ptr<T> other) : internal(other) {
        -:   96:		// FIXME: should we __enable_weak_this here?
        -:   97:		// *our* enable_shared_from_this hasn't initialized yet, so I think so?
    #####:   98:		__enable_weak_this(internal.get(), internal.get());
    #####:   99:	}
        -:  100:
        -:  101:	// Construct from weak_ptr
        -:  102:	template <class U>
        -:  103:	explicit shared_ptr(weak_ptr<U> other) : internal(other.internal) {
        -:  104:	}
        -:  105:
        -:  106:	// Construct from unique_ptr, takes over ownership of the unique_ptr
        -:  107:	template <class U, class DELETER, bool SAFE_P,
        -:  108:	          typename std::enable_if<compatible_with_t<U, T>::value &&
        -:  109:	                                      std::is_convertible<typename unique_ptr<U, DELETER>::pointer, T *>::value,
        -:  110:	                                  int>::type = 0>
        -:  111:#ifdef DUCKDB_CLANG_TIDY
        -:  112:	[[clang::reinitializes]]
        -:  113:#endif
        -:  114:	shared_ptr(unique_ptr<U, DELETER, SAFE_P> &&other) // NOLINT: not marked as explicit
        -:  115:	    : internal(std::move(other)) {
        -:  116:		__enable_weak_this(internal.get(), internal.get());
        -:  117:	}
        -:  118:
        -:  119:	// Destructor
      160:  120:	~shared_ptr() = default;
        -:  121:
        -:  122:	// Assign from shared_ptr copy
        -:  123:	shared_ptr<T, SAFE> &operator=(const shared_ptr<T, SAFE> &other) noexcept {
        -:  124:		if (this == &other) {
        -:  125:			return *this;
        -:  126:		}
        -:  127:		// Create a new shared_ptr using the copy constructor, then swap out the ownership to *this
        -:  128:		shared_ptr(other).swap(*this);
        -:  129:		return *this;
        -:  130:	}
        -:  131:	template <class U, typename std::enable_if<compatible_with_t<U, T>::value, int>::type = 0>
        -:  132:	shared_ptr<T> &operator=(const shared_ptr<U> &other) {
        -:  133:		shared_ptr(other).swap(*this);
        -:  134:		return *this;
        -:  135:	}
        -:  136:
        -:  137:	// Assign from moved shared_ptr
    #####:  138:	shared_ptr<T, SAFE> &operator=(shared_ptr &&other) noexcept {
        -:  139:		// Create a new shared_ptr using the move constructor, then swap out the ownership to *this
    #####:  140:		shared_ptr(std::move(other)).swap(*this);
    #####:  141:		return *this;
        -:  142:	}
        -:  143:	template <class U, typename std::enable_if<compatible_with_t<U, T>::value, int>::type = 0>
        -:  144:	shared_ptr<T, SAFE> &operator=(shared_ptr<U> &&other) {
        -:  145:		shared_ptr(std::move(other)).swap(*this);
        -:  146:		return *this;
        -:  147:	}
        -:  148:
        -:  149:	// Assign from moved unique_ptr
        -:  150:	template <class U, class DELETER, bool SAFE_P,
        -:  151:	          typename std::enable_if<compatible_with_t<U, T>::value &&
        -:  152:	                                      std::is_convertible<typename unique_ptr<U, DELETER>::pointer, T *>::value,
        -:  153:	                                  int>::type = 0>
        -:  154:	shared_ptr<T, SAFE> &operator=(unique_ptr<U, DELETER, SAFE_P> &&ref) {
        -:  155:		shared_ptr(std::move(ref)).swap(*this);
        -:  156:		return *this;
        -:  157:	}
        -:  158:
        -:  159:#ifdef DUCKDB_CLANG_TIDY
        -:  160:	[[clang::reinitializes]]
        -:  161:#endif
        -:  162:	void
        -:  163:	reset() { // NOLINT: invalid case style
        -:  164:		internal.reset();
        -:  165:	}
        -:  166:	template <typename U>
        -:  167:#ifdef DUCKDB_CLANG_TIDY
        -:  168:	[[clang::reinitializes]]
        -:  169:#endif
        -:  170:	void
        -:  171:	reset(U *ptr) { // NOLINT: invalid case style
        -:  172:		internal.reset(ptr);
        -:  173:	}
        -:  174:	template <typename U, typename DELETER>
        -:  175:#ifdef DUCKDB_CLANG_TIDY
        -:  176:	[[clang::reinitializes]]
        -:  177:#endif
        -:  178:	void
        -:  179:	reset(U *ptr, DELETER deleter) { // NOLINT: invalid case style
        -:  180:		internal.reset(ptr, deleter);
        -:  181:	}
        -:  182:
    #####:  183:	void swap(shared_ptr &r) noexcept { // NOLINT: invalid case style
    #####:  184:		internal.swap(r.internal);
    #####:  185:	}
        -:  186:
        -:  187:	T *get() const { // NOLINT: invalid case style
        -:  188:		return internal.get();
        -:  189:	}
        -:  190:
        -:  191:	long use_count() const { // NOLINT: invalid case style
        -:  192:		return internal.use_count();
        -:  193:	}
        -:  194:
        -:  195:	explicit operator bool() const noexcept {
        -:  196:		return internal.operator bool();
        -:  197:	}
        -:  198:
        -:  199:	typename std::add_lvalue_reference<T>::type operator*() const {
        -:  200:		if (MemorySafety<SAFE>::ENABLED) {
        -:  201:			const auto ptr = internal.get();
        -:  202:			AssertNotNull(!ptr);
        -:  203:			return *ptr;
        -:  204:		} else {
        -:  205:			return *internal;
        -:  206:		}
        -:  207:	}
        -:  208:
    #####:  209:	T *operator->() const {
        -:  210:		if (MemorySafety<SAFE>::ENABLED) {
    #####:  211:			const auto ptr = internal.get();
    #####:  212:			AssertNotNull(!ptr);
    #####:  213:			return ptr;
        -:  214:		} else {
        -:  215:			return internal.operator->();
        -:  216:		}
        -:  217:	}
        -:  218:
        -:  219:	// Relational operators
        -:  220:	template <typename U>
        -:  221:	bool operator==(const shared_ptr<U> &other) const noexcept {
        -:  222:		return internal == other.internal;
        -:  223:	}
        -:  224:	template <typename U>
        -:  225:	bool operator!=(const shared_ptr<U> &other) const noexcept {
        -:  226:		return internal != other.internal;
        -:  227:	}
        -:  228:
        -:  229:	bool operator==(std::nullptr_t) const noexcept {
        -:  230:		return internal == nullptr;
        -:  231:	}
        -:  232:	bool operator!=(std::nullptr_t) const noexcept {
        -:  233:		return internal != nullptr;
        -:  234:	}
        -:  235:
        -:  236:	template <typename U>
        -:  237:	bool operator<(const shared_ptr<U> &other) const noexcept {
        -:  238:		return internal < other.internal;
        -:  239:	}
        -:  240:	template <typename U>
        -:  241:	bool operator<=(const shared_ptr<U> &other) const noexcept {
        -:  242:		return internal <= other.internal;
        -:  243:	}
        -:  244:	template <typename U>
        -:  245:	bool operator>(const shared_ptr<U> &other) const noexcept {
        -:  246:		return internal > other.internal;
        -:  247:	}
        -:  248:	template <typename U>
        -:  249:	bool operator>=(const shared_ptr<U> &other) const noexcept {
        -:  250:		return internal >= other.internal;
        -:  251:	}
        -:  252:
        -:  253:	shared_ptr<T, SAFE> atomic_load() const {
        -:  254:		return shared_ptr<T, SAFE>(std::atomic_load(&internal));
        -:  255:	}
        -:  256:
        -:  257:	shared_ptr<T, SAFE> atomic_load(std::memory_order order) const {
        -:  258:		return shared_ptr<T, SAFE>(std::atomic_load_explicit(&internal, order));
        -:  259:	}
        -:  260:
        -:  261:	void atomic_store(const shared_ptr<T, SAFE> &new_ptr) {
        -:  262:		std::atomic_store(&internal, new_ptr.internal);
        -:  263:	}
        -:  264:
        -:  265:private:
        -:  266:	// This overload is used when the class inherits from 'enable_shared_from_this<U>'
        -:  267:	template <class U, class V,
        -:  268:	          typename std::enable_if<std::is_convertible<V *, const enable_shared_from_this<U> *>::value,
        -:  269:	                                  int>::type = 0>
        -:  270:	void __enable_weak_this(const enable_shared_from_this<U> *object, // NOLINT: invalid case style
        -:  271:	                        V *ptr) noexcept {
        -:  272:		typedef typename std::remove_cv<U>::type non_const_u_t;
        -:  273:		if (object && object->__weak_this_.expired()) {
        -:  274:			// __weak_this__ is the mutable variable returned by 'shared_from_this'
        -:  275:			// it is initialized here
        -:  276:			auto non_const = const_cast<non_const_u_t *>(static_cast<const U *>(ptr)); // NOLINT: const cast
        -:  277:			object->__weak_this_ = shared_ptr<non_const_u_t>(*this, non_const);
        -:  278:		}
        -:  279:	}
        -:  280:
    #####:  281:	void __enable_weak_this(...) noexcept { // NOLINT: invalid case style
    #####:  282:	}
        -:  283:};
        -:  284:
        -:  285:template <typename T>
        -:  286:using unsafe_shared_ptr = shared_ptr<T, false>;
        -:  287:
        -:  288:} // namespace duckdb
