        -:    0:Source:/Library/Developer/CommandLineTools/SDKs/MacOSX.sdk/usr/include/c++/v1/vector
        -:    0:Graph:/Users/yp1017/development/daft-duckdb-multimodal/duckdb/build/test/extension/ai.duckdb_extension-ai_filter.gcno
        -:    0:Data:/Users/yp1017/development/daft-duckdb-multimodal/duckdb/build/test/extension/ai.duckdb_extension-ai_filter.gcda
        -:    0:Runs:1
        -:    0:Programs:1
        -:    1:// -*- C++ -*-
        -:    2://===----------------------------------------------------------------------===//
        -:    3://
        -:    4:// Part of the LLVM Project, under the Apache License v2.0 with LLVM Exceptions.
        -:    5:// See https://llvm.org/LICENSE.txt for license information.
        -:    6:// SPDX-License-Identifier: Apache-2.0 WITH LLVM-exception
        -:    7://
        -:    8://===----------------------------------------------------------------------===//
        -:    9:
        -:   10:#ifndef _LIBCPP_VECTOR
        -:   11:#define _LIBCPP_VECTOR
        -:   12:
        -:   13:// clang-format off
        -:   14:
        -:   15:/*
        -:   16:    vector synopsis
        -:   17:
        -:   18:namespace std
        -:   19:{
        -:   20:
        -:   21:template <class T, class Allocator = allocator<T> >
        -:   22:class vector
        -:   23:{
        -:   24:public:
        -:   25:    typedef T                                        value_type;
        -:   26:    typedef Allocator                                allocator_type;
        -:   27:    typedef typename allocator_type::reference       reference;
        -:   28:    typedef typename allocator_type::const_reference const_reference;
        -:   29:    typedef implementation-defined                   iterator;
        -:   30:    typedef implementation-defined                   const_iterator;
        -:   31:    typedef typename allocator_type::size_type       size_type;
        -:   32:    typedef typename allocator_type::difference_type difference_type;
        -:   33:    typedef typename allocator_type::pointer         pointer;
        -:   34:    typedef typename allocator_type::const_pointer   const_pointer;
        -:   35:    typedef std::reverse_iterator<iterator>          reverse_iterator;
        -:   36:    typedef std::reverse_iterator<const_iterator>    const_reverse_iterator;
        -:   37:
        -:   38:    vector()
        -:   39:        noexcept(is_nothrow_default_constructible<allocator_type>::value);
        -:   40:    explicit vector(const allocator_type&);
        -:   41:    explicit vector(size_type n);
        -:   42:    explicit vector(size_type n, const allocator_type&); // C++14
        -:   43:    vector(size_type n, const value_type& value, const allocator_type& = allocator_type());
        -:   44:    template <class InputIterator>
        -:   45:        vector(InputIterator first, InputIterator last, const allocator_type& = allocator_type());
        -:   46:    template<container-compatible-range<T> R>
        -:   47:      constexpr vector(from_range_t, R&& rg, const Allocator& = Allocator()); // C++23
        -:   48:    vector(const vector& x);
        -:   49:    vector(vector&& x)
        -:   50:        noexcept(is_nothrow_move_constructible<allocator_type>::value);
        -:   51:    vector(initializer_list<value_type> il);
        -:   52:    vector(initializer_list<value_type> il, const allocator_type& a);
        -:   53:    ~vector();
        -:   54:    vector& operator=(const vector& x);
        -:   55:    vector& operator=(vector&& x)
        -:   56:        noexcept(
        -:   57:             allocator_type::propagate_on_container_move_assignment::value ||
        -:   58:             allocator_type::is_always_equal::value); // C++17
        -:   59:    vector& operator=(initializer_list<value_type> il);
        -:   60:    template <class InputIterator>
        -:   61:        void assign(InputIterator first, InputIterator last);
        -:   62:    template<container-compatible-range<T> R>
        -:   63:      constexpr void assign_range(R&& rg); // C++23
        -:   64:    void assign(size_type n, const value_type& u);
        -:   65:    void assign(initializer_list<value_type> il);
        -:   66:
        -:   67:    allocator_type get_allocator() const noexcept;
        -:   68:
        -:   69:    iterator               begin() noexcept;
        -:   70:    const_iterator         begin()   const noexcept;
        -:   71:    iterator               end() noexcept;
        -:   72:    const_iterator         end()     const noexcept;
        -:   73:
        -:   74:    reverse_iterator       rbegin() noexcept;
        -:   75:    const_reverse_iterator rbegin()  const noexcept;
        -:   76:    reverse_iterator       rend() noexcept;
        -:   77:    const_reverse_iterator rend()    const noexcept;
        -:   78:
        -:   79:    const_iterator         cbegin()  const noexcept;
        -:   80:    const_iterator         cend()    const noexcept;
        -:   81:    const_reverse_iterator crbegin() const noexcept;
        -:   82:    const_reverse_iterator crend()   const noexcept;
        -:   83:
        -:   84:    size_type size() const noexcept;
        -:   85:    size_type max_size() const noexcept;
        -:   86:    size_type capacity() const noexcept;
        -:   87:    bool empty() const noexcept;
        -:   88:    void reserve(size_type n);
        -:   89:    void shrink_to_fit() noexcept;
        -:   90:
        -:   91:    reference       operator[](size_type n);
        -:   92:    const_reference operator[](size_type n) const;
        -:   93:    reference       at(size_type n);
        -:   94:    const_reference at(size_type n) const;
        -:   95:
        -:   96:    reference       front();
        -:   97:    const_reference front() const;
        -:   98:    reference       back();
        -:   99:    const_reference back() const;
        -:  100:
        -:  101:    value_type*       data() noexcept;
        -:  102:    const value_type* data() const noexcept;
        -:  103:
        -:  104:    void push_back(const value_type& x);
        -:  105:    void push_back(value_type&& x);
        -:  106:    template <class... Args>
        -:  107:        reference emplace_back(Args&&... args); // reference in C++17
        -:  108:    template<container-compatible-range<T> R>
        -:  109:      constexpr void append_range(R&& rg); // C++23
        -:  110:    void pop_back();
        -:  111:
        -:  112:    template <class... Args> iterator emplace(const_iterator position, Args&&... args);
        -:  113:    iterator insert(const_iterator position, const value_type& x);
        -:  114:    iterator insert(const_iterator position, value_type&& x);
        -:  115:    iterator insert(const_iterator position, size_type n, const value_type& x);
        -:  116:    template <class InputIterator>
        -:  117:        iterator insert(const_iterator position, InputIterator first, InputIterator last);
        -:  118:    template<container-compatible-range<T> R>
        -:  119:      constexpr iterator insert_range(const_iterator position, R&& rg); // C++23
        -:  120:    iterator insert(const_iterator position, initializer_list<value_type> il);
        -:  121:
        -:  122:    iterator erase(const_iterator position);
        -:  123:    iterator erase(const_iterator first, const_iterator last);
        -:  124:
        -:  125:    void clear() noexcept;
        -:  126:
        -:  127:    void resize(size_type sz);
        -:  128:    void resize(size_type sz, const value_type& c);
        -:  129:
        -:  130:    void swap(vector&)
        -:  131:        noexcept(allocator_traits<allocator_type>::propagate_on_container_swap::value ||
        -:  132:                 allocator_traits<allocator_type>::is_always_equal::value);  // C++17
        -:  133:
        -:  134:    bool __invariants() const;
        -:  135:};
        -:  136:
        -:  137:template <class Allocator = allocator<T> >
        -:  138:class vector<bool, Allocator>
        -:  139:{
        -:  140:public:
        -:  141:    typedef bool                                     value_type;
        -:  142:    typedef Allocator                                allocator_type;
        -:  143:    typedef implementation-defined                   iterator;
        -:  144:    typedef implementation-defined                   const_iterator;
        -:  145:    typedef typename allocator_type::size_type       size_type;
        -:  146:    typedef typename allocator_type::difference_type difference_type;
        -:  147:    typedef iterator                                 pointer;
        -:  148:    typedef const_iterator                           const_pointer;
        -:  149:    typedef std::reverse_iterator<iterator>          reverse_iterator;
        -:  150:    typedef std::reverse_iterator<const_iterator>    const_reverse_iterator;
        -:  151:
        -:  152:    class reference
        -:  153:    {
        -:  154:    public:
        -:  155:        reference(const reference&) noexcept;
        -:  156:        operator bool() const noexcept;
        -:  157:        reference& operator=(bool x) noexcept;
        -:  158:        reference& operator=(const reference& x) noexcept;
        -:  159:        iterator operator&() const noexcept;
        -:  160:        void flip() noexcept;
        -:  161:    };
        -:  162:
        -:  163:    class const_reference
        -:  164:    {
        -:  165:    public:
        -:  166:        const_reference(const reference&) noexcept;
        -:  167:        operator bool() const noexcept;
        -:  168:        const_iterator operator&() const noexcept;
        -:  169:    };
        -:  170:
        -:  171:    vector()
        -:  172:        noexcept(is_nothrow_default_constructible<allocator_type>::value);
        -:  173:    explicit vector(const allocator_type&);
        -:  174:    explicit vector(size_type n, const allocator_type& a = allocator_type()); // C++14
        -:  175:    vector(size_type n, const value_type& value, const allocator_type& = allocator_type());
        -:  176:    template <class InputIterator>
        -:  177:        vector(InputIterator first, InputIterator last, const allocator_type& = allocator_type());
        -:  178:    template<container-compatible-range<bool> R>
        -:  179:      constexpr vector(from_range_t, R&& rg, const Allocator& = Allocator());
        -:  180:    vector(const vector& x);
        -:  181:    vector(vector&& x)
        -:  182:        noexcept(is_nothrow_move_constructible<allocator_type>::value);
        -:  183:    vector(initializer_list<value_type> il);
        -:  184:    vector(initializer_list<value_type> il, const allocator_type& a);
        -:  185:    ~vector();
        -:  186:    vector& operator=(const vector& x);
        -:  187:    vector& operator=(vector&& x)
        -:  188:        noexcept(
        -:  189:             allocator_type::propagate_on_container_move_assignment::value ||
        -:  190:             allocator_type::is_always_equal::value); // C++17
        -:  191:    vector& operator=(initializer_list<value_type> il);
        -:  192:    template <class InputIterator>
        -:  193:        void assign(InputIterator first, InputIterator last);
        -:  194:    template<container-compatible-range<T> R>
        -:  195:      constexpr void assign_range(R&& rg); // C++23
        -:  196:    void assign(size_type n, const value_type& u);
        -:  197:    void assign(initializer_list<value_type> il);
        -:  198:
        -:  199:    allocator_type get_allocator() const noexcept;
        -:  200:
        -:  201:    iterator               begin() noexcept;
        -:  202:    const_iterator         begin()   const noexcept;
        -:  203:    iterator               end() noexcept;
        -:  204:    const_iterator         end()     const noexcept;
        -:  205:
        -:  206:    reverse_iterator       rbegin() noexcept;
        -:  207:    const_reverse_iterator rbegin()  const noexcept;
        -:  208:    reverse_iterator       rend() noexcept;
        -:  209:    const_reverse_iterator rend()    const noexcept;
        -:  210:
        -:  211:    const_iterator         cbegin()  const noexcept;
        -:  212:    const_iterator         cend()    const noexcept;
        -:  213:    const_reverse_iterator crbegin() const noexcept;
        -:  214:    const_reverse_iterator crend()   const noexcept;
        -:  215:
        -:  216:    size_type size() const noexcept;
        -:  217:    size_type max_size() const noexcept;
        -:  218:    size_type capacity() const noexcept;
        -:  219:    bool empty() const noexcept;
        -:  220:    void reserve(size_type n);
        -:  221:    void shrink_to_fit() noexcept;
        -:  222:
        -:  223:    reference       operator[](size_type n);
        -:  224:    const_reference operator[](size_type n) const;
        -:  225:    reference       at(size_type n);
        -:  226:    const_reference at(size_type n) const;
        -:  227:
        -:  228:    reference       front();
        -:  229:    const_reference front() const;
        -:  230:    reference       back();
        -:  231:    const_reference back() const;
        -:  232:
        -:  233:    void push_back(const value_type& x);
        -:  234:    template <class... Args> reference emplace_back(Args&&... args);  // C++14; reference in C++17
        -:  235:    template<container-compatible-range<T> R>
        -:  236:      constexpr void append_range(R&& rg); // C++23
        -:  237:    void pop_back();
        -:  238:
        -:  239:    template <class... Args> iterator emplace(const_iterator position, Args&&... args);  // C++14
        -:  240:    iterator insert(const_iterator position, const value_type& x);
        -:  241:    iterator insert(const_iterator position, size_type n, const value_type& x);
        -:  242:    template <class InputIterator>
        -:  243:        iterator insert(const_iterator position, InputIterator first, InputIterator last);
        -:  244:    template<container-compatible-range<T> R>
        -:  245:      constexpr iterator insert_range(const_iterator position, R&& rg); // C++23
        -:  246:    iterator insert(const_iterator position, initializer_list<value_type> il);
        -:  247:
        -:  248:    iterator erase(const_iterator position);
        -:  249:    iterator erase(const_iterator first, const_iterator last);
        -:  250:
        -:  251:    void clear() noexcept;
        -:  252:
        -:  253:    void resize(size_type sz);
        -:  254:    void resize(size_type sz, value_type x);
        -:  255:
        -:  256:    void swap(vector&)
        -:  257:        noexcept(allocator_traits<allocator_type>::propagate_on_container_swap::value ||
        -:  258:                 allocator_traits<allocator_type>::is_always_equal::value);  // C++17
        -:  259:    void flip() noexcept;
        -:  260:
        -:  261:    bool __invariants() const;
        -:  262:};
        -:  263:
        -:  264:template <class InputIterator, class Allocator = allocator<typename iterator_traits<InputIterator>::value_type>>
        -:  265:   vector(InputIterator, InputIterator, Allocator = Allocator())
        -:  266:   -> vector<typename iterator_traits<InputIterator>::value_type, Allocator>; // C++17
        -:  267:
        -:  268:template<ranges::input_range R, class Allocator = allocator<ranges::range_value_t<R>>>
        -:  269:  vector(from_range_t, R&&, Allocator = Allocator())
        -:  270:    -> vector<ranges::range_value_t<R>, Allocator>; // C++23
        -:  271:
        -:  272:template <class Allocator> struct hash<std::vector<bool, Allocator>>;
        -:  273:
        -:  274:template <class T, class Allocator> bool operator==(const vector<T,Allocator>& x, const vector<T,Allocator>& y);   // constexpr since C++20
        -:  275:template <class T, class Allocator> bool operator!=(const vector<T,Allocator>& x, const vector<T,Allocator>& y);   // removed in C++20
        -:  276:template <class T, class Allocator> bool operator< (const vector<T,Allocator>& x, const vector<T,Allocator>& y);   // removed in C++20
        -:  277:template <class T, class Allocator> bool operator> (const vector<T,Allocator>& x, const vector<T,Allocator>& y);   // removed in C++20
        -:  278:template <class T, class Allocator> bool operator>=(const vector<T,Allocator>& x, const vector<T,Allocator>& y);   // removed in C++20
        -:  279:template <class T, class Allocator> bool operator<=(const vector<T,Allocator>& x, const vector<T,Allocator>& y);   // removed in C++20
        -:  280:template <class T, class Allocator> constexpr
        -:  281:  constexpr synth-three-way-result<T> operator<=>(const vector<T, Allocator>& x,
        -:  282:                                                  const vector<T, Allocator>& y);                                  // since C++20
        -:  283:
        -:  284:template <class T, class Allocator>
        -:  285:void swap(vector<T,Allocator>& x, vector<T,Allocator>& y)
        -:  286:    noexcept(noexcept(x.swap(y)));
        -:  287:
        -:  288:template <class T, class Allocator, class U>
        -:  289:typename vector<T, Allocator>::size_type
        -:  290:erase(vector<T, Allocator>& c, const U& value);       // since C++20
        -:  291:template <class T, class Allocator, class Predicate>
        -:  292:typename vector<T, Allocator>::size_type
        -:  293:erase_if(vector<T, Allocator>& c, Predicate pred);    // since C++20
        -:  294:
        -:  295:
        -:  296:template<class T>
        -:  297: inline constexpr bool is-vector-bool-reference = see below;        // exposition only, since C++23
        -:  298:
        -:  299:template<class T, class charT> requires is-vector-bool-reference<T> // Since C++23
        -:  300: struct formatter<T, charT>;
        -:  301:
        -:  302:}  // std
        -:  303:
        -:  304:*/
        -:  305:
        -:  306:// clang-format on
        -:  307:
        -:  308:#include <__algorithm/copy.h>
        -:  309:#include <__algorithm/equal.h>
        -:  310:#include <__algorithm/fill_n.h>
        -:  311:#include <__algorithm/iterator_operations.h>
        -:  312:#include <__algorithm/lexicographical_compare.h>
        -:  313:#include <__algorithm/lexicographical_compare_three_way.h>
        -:  314:#include <__algorithm/remove.h>
        -:  315:#include <__algorithm/remove_if.h>
        -:  316:#include <__algorithm/rotate.h>
        -:  317:#include <__algorithm/unwrap_iter.h>
        -:  318:#include <__assert>
        -:  319:#include <__bit_reference>
        -:  320:#include <__concepts/same_as.h>
        -:  321:#include <__config>
        -:  322:#include <__debug_utils/sanitizers.h>
        -:  323:#include <__format/enable_insertable.h>
        -:  324:#include <__format/formatter.h>
        -:  325:#include <__format/formatter_bool.h>
        -:  326:#include <__functional/hash.h>
        -:  327:#include <__functional/unary_function.h>
        -:  328:#include <__fwd/vector.h>
        -:  329:#include <__iterator/advance.h>
        -:  330:#include <__iterator/bounded_iter.h>
        -:  331:#include <__iterator/distance.h>
        -:  332:#include <__iterator/iterator_traits.h>
        -:  333:#include <__iterator/reverse_iterator.h>
        -:  334:#include <__iterator/wrap_iter.h>
        -:  335:#include <__memory/addressof.h>
        -:  336:#include <__memory/allocate_at_least.h>
        -:  337:#include <__memory/allocator_traits.h>
        -:  338:#include <__memory/noexcept_move_assign_container.h>
        -:  339:#include <__memory/pointer_traits.h>
        -:  340:#include <__memory/swap_allocator.h>
        -:  341:#include <__memory/temp_value.h>
        -:  342:#include <__memory/uninitialized_algorithms.h>
        -:  343:#include <__memory_resource/polymorphic_allocator.h>
        -:  344:#include <__ranges/access.h>
        -:  345:#include <__ranges/concepts.h>
        -:  346:#include <__ranges/container_compatible_range.h>
        -:  347:#include <__ranges/from_range.h>
        -:  348:#include <__ranges/size.h>
        -:  349:#include <__split_buffer>
        -:  350:#include <__type_traits/is_allocator.h>
        -:  351:#include <__type_traits/is_constructible.h>
        -:  352:#include <__type_traits/is_nothrow_assignable.h>
        -:  353:#include <__type_traits/type_identity.h>
        -:  354:#include <__utility/exception_guard.h>
        -:  355:#include <__utility/forward.h>
        -:  356:#include <__utility/is_pointer_in_range.h>
        -:  357:#include <__utility/move.h>
        -:  358:#include <__utility/pair.h>
        -:  359:#include <__utility/swap.h>
        -:  360:#include <climits>
        -:  361:#include <cstring>
        -:  362:#include <limits>
        -:  363:#include <stdexcept>
        -:  364:#include <version>
        -:  365:
        -:  366:// standard-mandated includes
        -:  367:
        -:  368:// [iterator.range]
        -:  369:#include <__iterator/access.h>
        -:  370:#include <__iterator/data.h>
        -:  371:#include <__iterator/empty.h>
        -:  372:#include <__iterator/reverse_access.h>
        -:  373:#include <__iterator/size.h>
        -:  374:
        -:  375:// [vector.syn]
        -:  376:#include <compare>
        -:  377:#include <initializer_list>
        -:  378:
        -:  379:#if !defined(_LIBCPP_HAS_NO_PRAGMA_SYSTEM_HEADER)
        -:  380:#  pragma GCC system_header
        -:  381:#endif
        -:  382:
        -:  383:_LIBCPP_PUSH_MACROS
        -:  384:#include <__undef_macros>
        -:  385:
        -:  386:_LIBCPP_BEGIN_NAMESPACE_STD
        -:  387:
        -:  388:template <class _Tp, class _Allocator /* = allocator<_Tp> */>
        -:  389:class _LIBCPP_TEMPLATE_VIS vector {
        -:  390:private:
        -:  391:  typedef allocator<_Tp> __default_allocator_type;
        -:  392:
        -:  393:public:
        -:  394:  typedef vector __self;
        -:  395:  typedef _Tp value_type;
        -:  396:  typedef _Allocator allocator_type;
        -:  397:  typedef allocator_traits<allocator_type> __alloc_traits;
        -:  398:  typedef value_type& reference;
        -:  399:  typedef const value_type& const_reference;
        -:  400:  typedef typename __alloc_traits::size_type size_type;
        -:  401:  typedef typename __alloc_traits::difference_type difference_type;
        -:  402:  typedef typename __alloc_traits::pointer pointer;
        -:  403:  typedef typename __alloc_traits::const_pointer const_pointer;
        -:  404:#ifdef _LIBCPP_ABI_BOUNDED_ITERATORS_IN_VECTOR
        -:  405:  // Users might provide custom allocators, and prior to C++20 we have no existing way to detect whether the allocator's
        -:  406:  // pointer type is contiguous (though it has to be by the Standard). Using the wrapper type ensures the iterator is
        -:  407:  // considered contiguous.
        -:  408:  typedef __bounded_iter<__wrap_iter<pointer>> iterator;
        -:  409:  typedef __bounded_iter<__wrap_iter<const_pointer>> const_iterator;
        -:  410:#else
        -:  411:  typedef __wrap_iter<pointer> iterator;
        -:  412:  typedef __wrap_iter<const_pointer> const_iterator;
        -:  413:#endif
        -:  414:  typedef std::reverse_iterator<iterator> reverse_iterator;
        -:  415:  typedef std::reverse_iterator<const_iterator> const_reverse_iterator;
        -:  416:
        -:  417:  // A vector containers the following members which may be trivially relocatable:
        -:  418:  // - pointer: may be trivially relocatable, so it's checked
        -:  419:  // - allocator_type: may be trivially relocatable, so it's checked
        -:  420:  // vector doesn't contain any self-references, so it's trivially relocatable if its members are.
        -:  421:  using __trivially_relocatable = __conditional_t<
        -:  422:      __libcpp_is_trivially_relocatable<pointer>::value && __libcpp_is_trivially_relocatable<allocator_type>::value,
        -:  423:      vector,
        -:  424:      void>;
        -:  425:
        -:  426:  static_assert(__check_valid_allocator<allocator_type>::value, "");
        -:  427:  static_assert(is_same<typename allocator_type::value_type, value_type>::value,
        -:  428:                "Allocator::value_type must be same type as value_type");
        -:  429:
       10:  430:  _LIBCPP_CONSTEXPR_SINCE_CXX20 _LIBCPP_HIDE_FROM_ABI vector()
       10:  431:      _NOEXCEPT_(is_nothrow_default_constructible<allocator_type>::value) {}
        -:  432:  _LIBCPP_CONSTEXPR_SINCE_CXX20 _LIBCPP_HIDE_FROM_ABI explicit vector(const allocator_type& __a)
        -:  433:#if _LIBCPP_STD_VER <= 14
        -:  434:      _NOEXCEPT_(is_nothrow_copy_constructible<allocator_type>::value)
        -:  435:#else
        -:  436:      _NOEXCEPT
        -:  437:#endif
        -:  438:      : __end_cap_(nullptr, __a) {
        -:  439:  }
        -:  440:
       30:  441:  _LIBCPP_CONSTEXPR_SINCE_CXX20 _LIBCPP_HIDE_FROM_ABI explicit vector(size_type __n) {
       30:  442:    auto __guard = std::__make_exception_guard(__destroy_vector(*this));
       30:  443:    if (__n > 0) {
       30:  444:      __vallocate(__n);
       30:  445:      __construct_at_end(__n);
       30:  446:    }
       30:  447:    __guard.__complete();
       30:  448:  }
        -:  449:
        -:  450:#if _LIBCPP_STD_VER >= 14
        -:  451:  _LIBCPP_CONSTEXPR_SINCE_CXX20 _LIBCPP_HIDE_FROM_ABI explicit vector(size_type __n, const allocator_type& __a)
        -:  452:      : __end_cap_(nullptr, __a) {
        -:  453:    auto __guard = std::__make_exception_guard(__destroy_vector(*this));
        -:  454:    if (__n > 0) {
        -:  455:      __vallocate(__n);
        -:  456:      __construct_at_end(__n);
        -:  457:    }
        -:  458:    __guard.__complete();
        -:  459:  }
        -:  460:#endif
        -:  461:
       10:  462:  _LIBCPP_CONSTEXPR_SINCE_CXX20 _LIBCPP_HIDE_FROM_ABI vector(size_type __n, const value_type& __x) {
       10:  463:    auto __guard = std::__make_exception_guard(__destroy_vector(*this));
       10:  464:    if (__n > 0) {
       10:  465:      __vallocate(__n);
       10:  466:      __construct_at_end(__n, __x);
       10:  467:    }
       10:  468:    __guard.__complete();
       10:  469:  }
        -:  470:
        -:  471:  template <__enable_if_t<__is_allocator<_Allocator>::value, int> = 0>
        -:  472:  _LIBCPP_CONSTEXPR_SINCE_CXX20 _LIBCPP_HIDE_FROM_ABI
        -:  473:  vector(size_type __n, const value_type& __x, const allocator_type& __a)
        -:  474:      : __end_cap_(nullptr, __a) {
        -:  475:    if (__n > 0) {
        -:  476:      __vallocate(__n);
        -:  477:      __construct_at_end(__n, __x);
        -:  478:    }
        -:  479:  }
        -:  480:
        -:  481:  template <class _InputIterator,
        -:  482:            __enable_if_t<__has_exactly_input_iterator_category<_InputIterator>::value &&
        -:  483:                              is_constructible<value_type, typename iterator_traits<_InputIterator>::reference>::value,
        -:  484:                          int> = 0>
        -:  485:  _LIBCPP_CONSTEXPR_SINCE_CXX20 _LIBCPP_HIDE_FROM_ABI vector(_InputIterator __first, _InputIterator __last);
        -:  486:  template <class _InputIterator,
        -:  487:            __enable_if_t<__has_exactly_input_iterator_category<_InputIterator>::value &&
        -:  488:                              is_constructible<value_type, typename iterator_traits<_InputIterator>::reference>::value,
        -:  489:                          int> = 0>
        -:  490:  _LIBCPP_CONSTEXPR_SINCE_CXX20 _LIBCPP_HIDE_FROM_ABI
        -:  491:  vector(_InputIterator __first, _InputIterator __last, const allocator_type& __a);
        -:  492:
        -:  493:  template <
        -:  494:      class _ForwardIterator,
        -:  495:      __enable_if_t<__has_forward_iterator_category<_ForwardIterator>::value &&
        -:  496:                        is_constructible<value_type, typename iterator_traits<_ForwardIterator>::reference>::value,
        -:  497:                    int> = 0>
        -:  498:  _LIBCPP_CONSTEXPR_SINCE_CXX20 _LIBCPP_HIDE_FROM_ABI vector(_ForwardIterator __first, _ForwardIterator __last);
        -:  499:
        -:  500:  template <
        -:  501:      class _ForwardIterator,
        -:  502:      __enable_if_t<__has_forward_iterator_category<_ForwardIterator>::value &&
        -:  503:                        is_constructible<value_type, typename iterator_traits<_ForwardIterator>::reference>::value,
        -:  504:                    int> = 0>
        -:  505:  _LIBCPP_CONSTEXPR_SINCE_CXX20 _LIBCPP_HIDE_FROM_ABI
        -:  506:  vector(_ForwardIterator __first, _ForwardIterator __last, const allocator_type& __a);
        -:  507:
        -:  508:#if _LIBCPP_STD_VER >= 23
        -:  509:  template <_ContainerCompatibleRange<_Tp> _Range>
        -:  510:  _LIBCPP_HIDE_FROM_ABI constexpr vector(
        -:  511:      from_range_t, _Range&& __range, const allocator_type& __alloc = allocator_type())
        -:  512:      : __end_cap_(nullptr, __alloc) {
        -:  513:    if constexpr (ranges::forward_range<_Range> || ranges::sized_range<_Range>) {
        -:  514:      auto __n = static_cast<size_type>(ranges::distance(__range));
        -:  515:      __init_with_size(ranges::begin(__range), ranges::end(__range), __n);
        -:  516:
        -:  517:    } else {
        -:  518:      __init_with_sentinel(ranges::begin(__range), ranges::end(__range));
        -:  519:    }
        -:  520:  }
        -:  521:#endif
        -:  522:
        -:  523:private:
        -:  524:  class __destroy_vector {
        -:  525:  public:
      260:  526:    _LIBCPP_CONSTEXPR _LIBCPP_HIDE_FROM_ABI __destroy_vector(vector& __vec) : __vec_(__vec) {}
        -:  527:
       70:  528:    _LIBCPP_CONSTEXPR_SINCE_CXX20 _LIBCPP_HIDE_FROM_ABI void operator()() {
       70:  529:      if (__vec_.__begin_ != nullptr) {
       50:  530:        __vec_.__clear();
       50:  531:        __vec_.__annotate_delete();
       50:  532:        __alloc_traits::deallocate(__vec_.__alloc(), __vec_.__begin_, __vec_.capacity());
       50:  533:      }
       70:  534:    }
        -:  535:
        -:  536:  private:
        -:  537:    vector& __vec_;
        -:  538:  };
        -:  539:
        -:  540:public:
       70:  541:  _LIBCPP_CONSTEXPR_SINCE_CXX20 _LIBCPP_HIDE_FROM_ABI ~vector() { __destroy_vector (*this)(); }
        -:  542:
        -:  543:  _LIBCPP_CONSTEXPR_SINCE_CXX20 _LIBCPP_HIDE_FROM_ABI vector(const vector& __x);
        -:  544:  _LIBCPP_CONSTEXPR_SINCE_CXX20 _LIBCPP_HIDE_FROM_ABI
        -:  545:  vector(const vector& __x, const __type_identity_t<allocator_type>& __a);
        -:  546:  _LIBCPP_CONSTEXPR_SINCE_CXX20 _LIBCPP_HIDE_FROM_ABI vector& operator=(const vector& __x);
        -:  547:
        -:  548:#ifndef _LIBCPP_CXX03_LANG
        -:  549:  _LIBCPP_CONSTEXPR_SINCE_CXX20 _LIBCPP_HIDE_FROM_ABI vector(initializer_list<value_type> __il);
        -:  550:
        -:  551:  _LIBCPP_CONSTEXPR_SINCE_CXX20 _LIBCPP_HIDE_FROM_ABI
        -:  552:  vector(initializer_list<value_type> __il, const allocator_type& __a);
        -:  553:
        -:  554:  _LIBCPP_CONSTEXPR_SINCE_CXX20 _LIBCPP_HIDE_FROM_ABI vector& operator=(initializer_list<value_type> __il) {
        -:  555:    assign(__il.begin(), __il.end());
        -:  556:    return *this;
        -:  557:  }
        -:  558:#endif // !_LIBCPP_CXX03_LANG
        -:  559:
        -:  560:  _LIBCPP_CONSTEXPR_SINCE_CXX20 _LIBCPP_HIDE_FROM_ABI vector(vector&& __x)
        -:  561:#if _LIBCPP_STD_VER >= 17
        -:  562:      noexcept;
        -:  563:#else
        -:  564:      _NOEXCEPT_(is_nothrow_move_constructible<allocator_type>::value);
        -:  565:#endif
        -:  566:
        -:  567:  _LIBCPP_CONSTEXPR_SINCE_CXX20 _LIBCPP_HIDE_FROM_ABI
        -:  568:  vector(vector&& __x, const __type_identity_t<allocator_type>& __a);
        -:  569:  _LIBCPP_CONSTEXPR_SINCE_CXX20 _LIBCPP_HIDE_FROM_ABI vector& operator=(vector&& __x)
        -:  570:      _NOEXCEPT_(__noexcept_move_assign_container<_Allocator, __alloc_traits>::value);
        -:  571:
        -:  572:  template <class _InputIterator,
        -:  573:            __enable_if_t<__has_exactly_input_iterator_category<_InputIterator>::value &&
        -:  574:                              is_constructible<value_type, typename iterator_traits<_InputIterator>::reference>::value,
        -:  575:                          int> = 0>
        -:  576:  _LIBCPP_CONSTEXPR_SINCE_CXX20 _LIBCPP_HIDE_FROM_ABI void assign(_InputIterator __first, _InputIterator __last);
        -:  577:  template <
        -:  578:      class _ForwardIterator,
        -:  579:      __enable_if_t<__has_forward_iterator_category<_ForwardIterator>::value &&
        -:  580:                        is_constructible<value_type, typename iterator_traits<_ForwardIterator>::reference>::value,
        -:  581:                    int> = 0>
        -:  582:  _LIBCPP_CONSTEXPR_SINCE_CXX20 _LIBCPP_HIDE_FROM_ABI void assign(_ForwardIterator __first, _ForwardIterator __last);
        -:  583:
        -:  584:#if _LIBCPP_STD_VER >= 23
        -:  585:  template <_ContainerCompatibleRange<_Tp> _Range>
        -:  586:  _LIBCPP_HIDE_FROM_ABI constexpr void assign_range(_Range&& __range) {
        -:  587:    if constexpr (ranges::forward_range<_Range> || ranges::sized_range<_Range>) {
        -:  588:      auto __n = static_cast<size_type>(ranges::distance(__range));
        -:  589:      __assign_with_size(ranges::begin(__range), ranges::end(__range), __n);
        -:  590:
        -:  591:    } else {
        -:  592:      __assign_with_sentinel(ranges::begin(__range), ranges::end(__range));
        -:  593:    }
        -:  594:  }
        -:  595:#endif
        -:  596:
        -:  597:  _LIBCPP_CONSTEXPR_SINCE_CXX20 _LIBCPP_HIDE_FROM_ABI void assign(size_type __n, const_reference __u);
        -:  598:
        -:  599:#ifndef _LIBCPP_CXX03_LANG
        -:  600:  _LIBCPP_CONSTEXPR_SINCE_CXX20 _LIBCPP_HIDE_FROM_ABI void assign(initializer_list<value_type> __il) {
        -:  601:    assign(__il.begin(), __il.end());
        -:  602:  }
        -:  603:#endif
        -:  604:
        -:  605:  _LIBCPP_CONSTEXPR_SINCE_CXX20 _LIBCPP_HIDE_FROM_ABI allocator_type get_allocator() const _NOEXCEPT {
        -:  606:    return this->__alloc();
        -:  607:  }
        -:  608:
        -:  609:  _LIBCPP_CONSTEXPR_SINCE_CXX20 _LIBCPP_HIDE_FROM_ABI iterator begin() _NOEXCEPT;
        -:  610:  _LIBCPP_CONSTEXPR_SINCE_CXX20 _LIBCPP_HIDE_FROM_ABI const_iterator begin() const _NOEXCEPT;
        -:  611:  _LIBCPP_CONSTEXPR_SINCE_CXX20 _LIBCPP_HIDE_FROM_ABI iterator end() _NOEXCEPT;
        -:  612:  _LIBCPP_CONSTEXPR_SINCE_CXX20 _LIBCPP_HIDE_FROM_ABI const_iterator end() const _NOEXCEPT;
        -:  613:
        -:  614:  _LIBCPP_CONSTEXPR_SINCE_CXX20 _LIBCPP_HIDE_FROM_ABI reverse_iterator rbegin() _NOEXCEPT {
        -:  615:    return reverse_iterator(end());
        -:  616:  }
        -:  617:  _LIBCPP_CONSTEXPR_SINCE_CXX20 _LIBCPP_HIDE_FROM_ABI const_reverse_iterator rbegin() const _NOEXCEPT {
        -:  618:    return const_reverse_iterator(end());
        -:  619:  }
        -:  620:  _LIBCPP_CONSTEXPR_SINCE_CXX20 _LIBCPP_HIDE_FROM_ABI reverse_iterator rend() _NOEXCEPT {
        -:  621:    return reverse_iterator(begin());
        -:  622:  }
        -:  623:  _LIBCPP_CONSTEXPR_SINCE_CXX20 _LIBCPP_HIDE_FROM_ABI const_reverse_iterator rend() const _NOEXCEPT {
        -:  624:    return const_reverse_iterator(begin());
        -:  625:  }
        -:  626:
        -:  627:  _LIBCPP_CONSTEXPR_SINCE_CXX20 _LIBCPP_HIDE_FROM_ABI const_iterator cbegin() const _NOEXCEPT { return begin(); }
        -:  628:  _LIBCPP_CONSTEXPR_SINCE_CXX20 _LIBCPP_HIDE_FROM_ABI const_iterator cend() const _NOEXCEPT { return end(); }
        -:  629:  _LIBCPP_CONSTEXPR_SINCE_CXX20 _LIBCPP_HIDE_FROM_ABI const_reverse_iterator crbegin() const _NOEXCEPT {
        -:  630:    return rbegin();
        -:  631:  }
        -:  632:  _LIBCPP_CONSTEXPR_SINCE_CXX20 _LIBCPP_HIDE_FROM_ABI const_reverse_iterator crend() const _NOEXCEPT { return rend(); }
        -:  633:
      170:  634:  _LIBCPP_CONSTEXPR_SINCE_CXX20 _LIBCPP_HIDE_FROM_ABI size_type size() const _NOEXCEPT {
      170:  635:    return static_cast<size_type>(this->__end_ - this->__begin_);
        -:  636:  }
       60:  637:  _LIBCPP_CONSTEXPR_SINCE_CXX20 _LIBCPP_HIDE_FROM_ABI size_type capacity() const _NOEXCEPT {
       60:  638:    return static_cast<size_type>(__end_cap() - this->__begin_);
        -:  639:  }
        -:  640:  _LIBCPP_NODISCARD _LIBCPP_CONSTEXPR_SINCE_CXX20 _LIBCPP_HIDE_FROM_ABI bool empty() const _NOEXCEPT {
        -:  641:    return this->__begin_ == this->__end_;
        -:  642:  }
        -:  643:  _LIBCPP_CONSTEXPR_SINCE_CXX20 _LIBCPP_HIDE_FROM_ABI size_type max_size() const _NOEXCEPT;
        -:  644:  _LIBCPP_CONSTEXPR_SINCE_CXX20 _LIBCPP_HIDE_FROM_ABI void reserve(size_type __n);
        -:  645:  _LIBCPP_CONSTEXPR_SINCE_CXX20 _LIBCPP_HIDE_FROM_ABI void shrink_to_fit() _NOEXCEPT;
        -:  646:
        -:  647:  _LIBCPP_CONSTEXPR_SINCE_CXX20 _LIBCPP_HIDE_FROM_ABI reference operator[](size_type __n) _NOEXCEPT;
        -:  648:  _LIBCPP_CONSTEXPR_SINCE_CXX20 _LIBCPP_HIDE_FROM_ABI const_reference operator[](size_type __n) const _NOEXCEPT;
        -:  649:  _LIBCPP_CONSTEXPR_SINCE_CXX20 _LIBCPP_HIDE_FROM_ABI reference at(size_type __n);
        -:  650:  _LIBCPP_CONSTEXPR_SINCE_CXX20 _LIBCPP_HIDE_FROM_ABI const_reference at(size_type __n) const;
        -:  651:
        -:  652:  _LIBCPP_CONSTEXPR_SINCE_CXX20 _LIBCPP_HIDE_FROM_ABI reference front() _NOEXCEPT {
        -:  653:    _LIBCPP_ASSERT_VALID_ELEMENT_ACCESS(!empty(), "front() called on an empty vector");
        -:  654:    return *this->__begin_;
        -:  655:  }
        -:  656:  _LIBCPP_CONSTEXPR_SINCE_CXX20 _LIBCPP_HIDE_FROM_ABI const_reference front() const _NOEXCEPT {
        -:  657:    _LIBCPP_ASSERT_VALID_ELEMENT_ACCESS(!empty(), "front() called on an empty vector");
        -:  658:    return *this->__begin_;
        -:  659:  }
        -:  660:  _LIBCPP_CONSTEXPR_SINCE_CXX20 _LIBCPP_HIDE_FROM_ABI reference back() _NOEXCEPT {
        -:  661:    _LIBCPP_ASSERT_VALID_ELEMENT_ACCESS(!empty(), "back() called on an empty vector");
        -:  662:    return *(this->__end_ - 1);
        -:  663:  }
        -:  664:  _LIBCPP_CONSTEXPR_SINCE_CXX20 _LIBCPP_HIDE_FROM_ABI const_reference back() const _NOEXCEPT {
        -:  665:    _LIBCPP_ASSERT_VALID_ELEMENT_ACCESS(!empty(), "back() called on an empty vector");
        -:  666:    return *(this->__end_ - 1);
        -:  667:  }
        -:  668:
        -:  669:  _LIBCPP_CONSTEXPR_SINCE_CXX20 _LIBCPP_HIDE_FROM_ABI value_type* data() _NOEXCEPT {
        -:  670:    return std::__to_address(this->__begin_);
        -:  671:  }
        -:  672:
        -:  673:  _LIBCPP_CONSTEXPR_SINCE_CXX20 _LIBCPP_HIDE_FROM_ABI const value_type* data() const _NOEXCEPT {
        -:  674:    return std::__to_address(this->__begin_);
        -:  675:  }
        -:  676:
        -:  677:  _LIBCPP_CONSTEXPR_SINCE_CXX20 _LIBCPP_HIDE_FROM_ABI void push_back(const_reference __x);
        -:  678:
        -:  679:  _LIBCPP_CONSTEXPR_SINCE_CXX20 _LIBCPP_HIDE_FROM_ABI void push_back(value_type&& __x);
        -:  680:
        -:  681:  template <class... _Args>
        -:  682:  _LIBCPP_CONSTEXPR_SINCE_CXX20 _LIBCPP_HIDE_FROM_ABI
        -:  683:#if _LIBCPP_STD_VER >= 17
        -:  684:  reference
        -:  685:  emplace_back(_Args&&... __args);
        -:  686:#else
        -:  687:  void
        -:  688:  emplace_back(_Args&&... __args);
        -:  689:#endif
        -:  690:
        -:  691:#if _LIBCPP_STD_VER >= 23
        -:  692:  template <_ContainerCompatibleRange<_Tp> _Range>
        -:  693:  _LIBCPP_HIDE_FROM_ABI constexpr void append_range(_Range&& __range) {
        -:  694:    insert_range(end(), std::forward<_Range>(__range));
        -:  695:  }
        -:  696:#endif
        -:  697:
        -:  698:  _LIBCPP_CONSTEXPR_SINCE_CXX20 _LIBCPP_HIDE_FROM_ABI void pop_back();
        -:  699:
        -:  700:  _LIBCPP_CONSTEXPR_SINCE_CXX20 _LIBCPP_HIDE_FROM_ABI iterator insert(const_iterator __position, const_reference __x);
        -:  701:
        -:  702:  _LIBCPP_CONSTEXPR_SINCE_CXX20 _LIBCPP_HIDE_FROM_ABI iterator insert(const_iterator __position, value_type&& __x);
        -:  703:  template <class... _Args>
        -:  704:  _LIBCPP_CONSTEXPR_SINCE_CXX20 _LIBCPP_HIDE_FROM_ABI iterator emplace(const_iterator __position, _Args&&... __args);
        -:  705:
        -:  706:  _LIBCPP_CONSTEXPR_SINCE_CXX20 _LIBCPP_HIDE_FROM_ABI iterator
        -:  707:  insert(const_iterator __position, size_type __n, const_reference __x);
        -:  708:
        -:  709:  template <class _InputIterator,
        -:  710:            __enable_if_t<__has_exactly_input_iterator_category<_InputIterator>::value &&
        -:  711:                              is_constructible< value_type, typename iterator_traits<_InputIterator>::reference>::value,
        -:  712:                          int> = 0>
        -:  713:  _LIBCPP_CONSTEXPR_SINCE_CXX20 _LIBCPP_HIDE_FROM_ABI iterator
        -:  714:  insert(const_iterator __position, _InputIterator __first, _InputIterator __last);
        -:  715:
        -:  716:#if _LIBCPP_STD_VER >= 23
        -:  717:  template <_ContainerCompatibleRange<_Tp> _Range>
        -:  718:  _LIBCPP_HIDE_FROM_ABI constexpr iterator insert_range(const_iterator __position, _Range&& __range) {
        -:  719:    if constexpr (ranges::forward_range<_Range> || ranges::sized_range<_Range>) {
        -:  720:      auto __n = static_cast<size_type>(ranges::distance(__range));
        -:  721:      return __insert_with_size(__position, ranges::begin(__range), ranges::end(__range), __n);
        -:  722:
        -:  723:    } else {
        -:  724:      return __insert_with_sentinel(__position, ranges::begin(__range), ranges::end(__range));
        -:  725:    }
        -:  726:  }
        -:  727:#endif
        -:  728:
        -:  729:  template <
        -:  730:      class _ForwardIterator,
        -:  731:      __enable_if_t<__has_forward_iterator_category<_ForwardIterator>::value &&
        -:  732:                        is_constructible< value_type, typename iterator_traits<_ForwardIterator>::reference>::value,
        -:  733:                    int> = 0>
        -:  734:  _LIBCPP_CONSTEXPR_SINCE_CXX20 _LIBCPP_HIDE_FROM_ABI iterator
        -:  735:  insert(const_iterator __position, _ForwardIterator __first, _ForwardIterator __last);
        -:  736:
        -:  737:#ifndef _LIBCPP_CXX03_LANG
        -:  738:  _LIBCPP_CONSTEXPR_SINCE_CXX20 _LIBCPP_HIDE_FROM_ABI iterator
        -:  739:  insert(const_iterator __position, initializer_list<value_type> __il) {
        -:  740:    return insert(__position, __il.begin(), __il.end());
        -:  741:  }
        -:  742:#endif
        -:  743:
        -:  744:  _LIBCPP_CONSTEXPR_SINCE_CXX20 _LIBCPP_HIDE_FROM_ABI iterator erase(const_iterator __position);
        -:  745:  _LIBCPP_CONSTEXPR_SINCE_CXX20 _LIBCPP_HIDE_FROM_ABI iterator erase(const_iterator __first, const_iterator __last);
        -:  746:
    #####:  747:  _LIBCPP_CONSTEXPR_SINCE_CXX20 _LIBCPP_HIDE_FROM_ABI void clear() _NOEXCEPT {
    #####:  748:    size_type __old_size = size();
    #####:  749:    __clear();
    #####:  750:    __annotate_shrink(__old_size);
    #####:  751:  }
        -:  752:
        -:  753:  _LIBCPP_CONSTEXPR_SINCE_CXX20 _LIBCPP_HIDE_FROM_ABI void resize(size_type __sz);
        -:  754:  _LIBCPP_CONSTEXPR_SINCE_CXX20 _LIBCPP_HIDE_FROM_ABI void resize(size_type __sz, const_reference __x);
        -:  755:
        -:  756:  _LIBCPP_CONSTEXPR_SINCE_CXX20 _LIBCPP_HIDE_FROM_ABI void swap(vector&)
        -:  757:#if _LIBCPP_STD_VER >= 14
        -:  758:      _NOEXCEPT;
        -:  759:#else
        -:  760:      _NOEXCEPT_(!__alloc_traits::propagate_on_container_swap::value || __is_nothrow_swappable_v<allocator_type>);
        -:  761:#endif
        -:  762:
        -:  763:  _LIBCPP_CONSTEXPR_SINCE_CXX20 _LIBCPP_HIDE_FROM_ABI bool __invariants() const;
        -:  764:
        -:  765:private:
       70:  766:  pointer __begin_ = nullptr;
       70:  767:  pointer __end_   = nullptr;
       70:  768:  __compressed_pair<pointer, allocator_type> __end_cap_ =
       70:  769:      __compressed_pair<pointer, allocator_type>(nullptr, __default_init_tag());
        -:  770:
        -:  771:  //  Allocate space for __n objects
        -:  772:  //  throws length_error if __n > max_size()
        -:  773:  //  throws (probably bad_alloc) if memory run out
        -:  774:  //  Precondition:  __begin_ == __end_ == __end_cap() == 0
        -:  775:  //  Precondition:  __n > 0
        -:  776:  //  Postcondition:  capacity() >= __n
        -:  777:  //  Postcondition:  size() == 0
       60:  778:  _LIBCPP_CONSTEXPR_SINCE_CXX20 _LIBCPP_HIDE_FROM_ABI void __vallocate(size_type __n) {
       60:  779:    if (__n > max_size())
    #####:  780:      __throw_length_error();
       60:  781:    auto __allocation = std::__allocate_at_least(__alloc(), __n);
       60:  782:    __begin_          = __allocation.ptr;
       60:  783:    __end_            = __allocation.ptr;
       60:  784:    __end_cap()       = __begin_ + __allocation.count;
       60:  785:    __annotate_new(0);
       60:  786:  }
        -:  787:
        -:  788:  _LIBCPP_CONSTEXPR_SINCE_CXX20 _LIBCPP_HIDE_FROM_ABI void __vdeallocate() _NOEXCEPT;
        -:  789:  _LIBCPP_CONSTEXPR_SINCE_CXX20 _LIBCPP_HIDE_FROM_ABI size_type __recommend(size_type __new_size) const;
        -:  790:  _LIBCPP_CONSTEXPR_SINCE_CXX20 _LIBCPP_HIDE_FROM_ABI void __construct_at_end(size_type __n);
        -:  791:  _LIBCPP_CONSTEXPR_SINCE_CXX20 _LIBCPP_HIDE_FROM_ABI void __construct_at_end(size_type __n, const_reference __x);
        -:  792:
        -:  793:  template <class _InputIterator, class _Sentinel>
        -:  794:  _LIBCPP_CONSTEXPR_SINCE_CXX20 _LIBCPP_HIDE_FROM_ABI void
        -:  795:  __init_with_size(_InputIterator __first, _Sentinel __last, size_type __n) {
        -:  796:    auto __guard = std::__make_exception_guard(__destroy_vector(*this));
        -:  797:
        -:  798:    if (__n > 0) {
        -:  799:      __vallocate(__n);
        -:  800:      __construct_at_end(__first, __last, __n);
        -:  801:    }
        -:  802:
        -:  803:    __guard.__complete();
        -:  804:  }
        -:  805:
        -:  806:  template <class _InputIterator, class _Sentinel>
        -:  807:  _LIBCPP_CONSTEXPR_SINCE_CXX20 _LIBCPP_HIDE_FROM_ABI void
        -:  808:  __init_with_sentinel(_InputIterator __first, _Sentinel __last) {
        -:  809:    auto __guard = std::__make_exception_guard(__destroy_vector(*this));
        -:  810:
        -:  811:    for (; __first != __last; ++__first)
        -:  812:      emplace_back(*__first);
        -:  813:
        -:  814:    __guard.__complete();
        -:  815:  }
        -:  816:
        -:  817:  template <class _Iterator, class _Sentinel>
        -:  818:  _LIBCPP_CONSTEXPR_SINCE_CXX20 _LIBCPP_HIDE_FROM_ABI void __assign_with_sentinel(_Iterator __first, _Sentinel __last);
        -:  819:
        -:  820:  template <class _ForwardIterator, class _Sentinel>
        -:  821:  _LIBCPP_CONSTEXPR_SINCE_CXX20 _LIBCPP_HIDE_FROM_ABI void
        -:  822:  __assign_with_size(_ForwardIterator __first, _Sentinel __last, difference_type __n);
        -:  823:
        -:  824:  template <class _InputIterator, class _Sentinel>
        -:  825:  _LIBCPP_CONSTEXPR_SINCE_CXX20 _LIBCPP_HIDE_FROM_ABI iterator
        -:  826:  __insert_with_sentinel(const_iterator __position, _InputIterator __first, _Sentinel __last);
        -:  827:
        -:  828:  template <class _Iterator, class _Sentinel>
        -:  829:  _LIBCPP_CONSTEXPR_SINCE_CXX20 _LIBCPP_HIDE_FROM_ABI iterator
        -:  830:  __insert_with_size(const_iterator __position, _Iterator __first, _Sentinel __last, difference_type __n);
        -:  831:
        -:  832:  template <class _InputIterator, class _Sentinel>
        -:  833:  _LIBCPP_CONSTEXPR_SINCE_CXX20 _LIBCPP_HIDE_FROM_ABI void
        -:  834:  __construct_at_end(_InputIterator __first, _Sentinel __last, size_type __n);
        -:  835:
        -:  836:  _LIBCPP_CONSTEXPR_SINCE_CXX20 _LIBCPP_HIDE_FROM_ABI void __append(size_type __n);
        -:  837:  _LIBCPP_CONSTEXPR_SINCE_CXX20 _LIBCPP_HIDE_FROM_ABI void __append(size_type __n, const_reference __x);
        -:  838:
       20:  839:  _LIBCPP_CONSTEXPR_SINCE_CXX20 _LIBCPP_HIDE_FROM_ABI iterator __make_iter(pointer __p) _NOEXCEPT {
        -:  840:#ifdef _LIBCPP_ABI_BOUNDED_ITERATORS_IN_VECTOR
        -:  841:    // Bound the iterator according to the capacity, rather than the size.
        -:  842:    //
        -:  843:    // Vector guarantees that iterators stay valid as long as no reallocation occurs even if new elements are inserted
        -:  844:    // into the container; for these cases, we need to make sure that the newly-inserted elements can be accessed
        -:  845:    // through the bounded iterator without failing checks. The downside is that the bounded iterator won't catch
        -:  846:    // access that is logically out-of-bounds, i.e., goes beyond the size, but is still within the capacity. With the
        -:  847:    // current implementation, there is no connection between a bounded iterator and its associated container, so we
        -:  848:    // don't have a way to update existing valid iterators when the container is resized and thus have to go with
        -:  849:    // a laxer approach.
        -:  850:    return std::__make_bounded_iter(
        -:  851:        std::__wrap_iter<pointer>(__p),
        -:  852:        std::__wrap_iter<pointer>(this->__begin_),
        -:  853:        std::__wrap_iter<pointer>(this->__end_cap()));
        -:  854:#else
       20:  855:    return iterator(__p);
        -:  856:#endif // _LIBCPP_ABI_BOUNDED_ITERATORS_IN_VECTOR
        -:  857:  }
        -:  858:
        -:  859:  _LIBCPP_CONSTEXPR_SINCE_CXX20 _LIBCPP_HIDE_FROM_ABI const_iterator __make_iter(const_pointer __p) const _NOEXCEPT {
        -:  860:#ifdef _LIBCPP_ABI_BOUNDED_ITERATORS_IN_VECTOR
        -:  861:    // Bound the iterator according to the capacity, rather than the size.
        -:  862:    return std::__make_bounded_iter(
        -:  863:        std::__wrap_iter<const_pointer>(__p),
        -:  864:        std::__wrap_iter<const_pointer>(this->__begin_),
        -:  865:        std::__wrap_iter<const_pointer>(this->__end_cap()));
        -:  866:#else
        -:  867:    return const_iterator(__p);
        -:  868:#endif // _LIBCPP_ABI_BOUNDED_ITERATORS_IN_VECTOR
        -:  869:  }
        -:  870:
        -:  871:  _LIBCPP_CONSTEXPR_SINCE_CXX20 _LIBCPP_HIDE_FROM_ABI void
        -:  872:  __swap_out_circular_buffer(__split_buffer<value_type, allocator_type&>& __v);
        -:  873:  _LIBCPP_CONSTEXPR_SINCE_CXX20 _LIBCPP_HIDE_FROM_ABI pointer
        -:  874:  __swap_out_circular_buffer(__split_buffer<value_type, allocator_type&>& __v, pointer __p);
        -:  875:  _LIBCPP_CONSTEXPR_SINCE_CXX20 _LIBCPP_HIDE_FROM_ABI void
        -:  876:  __move_range(pointer __from_s, pointer __from_e, pointer __to);
        -:  877:  _LIBCPP_CONSTEXPR_SINCE_CXX20 _LIBCPP_HIDE_FROM_ABI void __move_assign(vector& __c, true_type)
        -:  878:      _NOEXCEPT_(is_nothrow_move_assignable<allocator_type>::value);
        -:  879:  _LIBCPP_CONSTEXPR_SINCE_CXX20 _LIBCPP_HIDE_FROM_ABI void __move_assign(vector& __c, false_type)
        -:  880:      _NOEXCEPT_(__alloc_traits::is_always_equal::value);
        -:  881:  _LIBCPP_CONSTEXPR_SINCE_CXX20 _LIBCPP_HIDE_FROM_ABI void __destruct_at_end(pointer __new_last) _NOEXCEPT {
        -:  882:    size_type __old_size = size();
        -:  883:    __base_destruct_at_end(__new_last);
        -:  884:    __annotate_shrink(__old_size);
        -:  885:  }
        -:  886:
        -:  887:  template <class _Up>
        -:  888:  _LIBCPP_CONSTEXPR_SINCE_CXX20 _LIBCPP_HIDE_FROM_ABI inline pointer __push_back_slow_path(_Up&& __x);
        -:  889:
        -:  890:  template <class... _Args>
        -:  891:  _LIBCPP_CONSTEXPR_SINCE_CXX20 _LIBCPP_HIDE_FROM_ABI inline pointer __emplace_back_slow_path(_Args&&... __args);
        -:  892:
        -:  893:  // The following functions are no-ops outside of AddressSanitizer mode.
        -:  894:  // We call annotations for every allocator, unless explicitly disabled.
        -:  895:  //
        -:  896:  // To disable annotations for a particular allocator, change value of
        -:  897:  // __asan_annotate_container_with_allocator to false.
        -:  898:  // For more details, see the "Using libc++" documentation page or
        -:  899:  // the documentation for __sanitizer_annotate_contiguous_container.
        -:  900:
        -:  901:  _LIBCPP_CONSTEXPR_SINCE_CXX20 _LIBCPP_HIDE_FROM_ABI void
        -:  902:  __annotate_contiguous_container(const void* __old_mid, const void* __new_mid) const {
        -:  903:    std::__annotate_contiguous_container<_Allocator>(data(), data() + capacity(), __old_mid, __new_mid);
        -:  904:  }
        -:  905:
       70:  906:  _LIBCPP_CONSTEXPR_SINCE_CXX20 _LIBCPP_HIDE_FROM_ABI void __annotate_new(size_type __current_size) const _NOEXCEPT {
        -:  907:    (void)__current_size;
        -:  908:#ifndef _LIBCPP_HAS_NO_ASAN
        -:  909:    __annotate_contiguous_container(data() + capacity(), data() + __current_size);
        -:  910:#endif
       70:  911:  }
        -:  912:
       60:  913:  _LIBCPP_CONSTEXPR_SINCE_CXX20 _LIBCPP_HIDE_FROM_ABI void __annotate_delete() const _NOEXCEPT {
        -:  914:#ifndef _LIBCPP_HAS_NO_ASAN
        -:  915:    __annotate_contiguous_container(data() + size(), data() + capacity());
        -:  916:#endif
       60:  917:  }
        -:  918:
        -:  919:  _LIBCPP_CONSTEXPR_SINCE_CXX20 _LIBCPP_HIDE_FROM_ABI void __annotate_increase(size_type __n) const _NOEXCEPT {
        -:  920:    (void)__n;
        -:  921:#ifndef _LIBCPP_HAS_NO_ASAN
        -:  922:    __annotate_contiguous_container(data() + size(), data() + size() + __n);
        -:  923:#endif
        -:  924:  }
        -:  925:
    #####:  926:  _LIBCPP_CONSTEXPR_SINCE_CXX20 _LIBCPP_HIDE_FROM_ABI void __annotate_shrink(size_type __old_size) const _NOEXCEPT {
        -:  927:    (void)__old_size;
        -:  928:#ifndef _LIBCPP_HAS_NO_ASAN
        -:  929:    __annotate_contiguous_container(data() + __old_size, data() + size());
        -:  930:#endif
    #####:  931:  }
        -:  932:
        -:  933:  struct _ConstructTransaction {
      120:  934:    _LIBCPP_CONSTEXPR_SINCE_CXX20 _LIBCPP_HIDE_FROM_ABI explicit _ConstructTransaction(vector& __v, size_type __n)
      120:  935:        : __v_(__v), __pos_(__v.__end_), __new_end_(__v.__end_ + __n) {
        -:  936:#ifndef _LIBCPP_HAS_NO_ASAN
        -:  937:      __v_.__annotate_increase(__n);
        -:  938:#endif
      120:  939:    }
        -:  940:
      120:  941:    _LIBCPP_CONSTEXPR_SINCE_CXX20 _LIBCPP_HIDE_FROM_ABI ~_ConstructTransaction() {
       60:  942:      __v_.__end_ = __pos_;
        -:  943:#ifndef _LIBCPP_HAS_NO_ASAN
        -:  944:      if (__pos_ != __new_end_) {
        -:  945:        __v_.__annotate_shrink(__new_end_ - __v_.__begin_);
        -:  946:      }
        -:  947:#endif
      120:  948:    }
        -:  949:
        -:  950:    vector& __v_;
        -:  951:    pointer __pos_;
        -:  952:    const_pointer const __new_end_;
        -:  953:
        -:  954:    _ConstructTransaction(_ConstructTransaction const&)            = delete;
        -:  955:    _ConstructTransaction& operator=(_ConstructTransaction const&) = delete;
        -:  956:  };
        -:  957:
        -:  958:  template <class... _Args>
    #####:  959:  _LIBCPP_CONSTEXPR_SINCE_CXX20 _LIBCPP_HIDE_FROM_ABI void __construct_one_at_end(_Args&&... __args) {
    #####:  960:    _ConstructTransaction __tx(*this, 1);
    #####:  961:    __alloc_traits::construct(this->__alloc(), std::__to_address(__tx.__pos_), std::forward<_Args>(__args)...);
    #####:  962:    ++__tx.__pos_;
    #####:  963:  }
        -:  964:
      240:  965:  _LIBCPP_CONSTEXPR_SINCE_CXX20 _LIBCPP_HIDE_FROM_ABI allocator_type& __alloc() _NOEXCEPT {
      240:  966:    return this->__end_cap_.second();
        -:  967:  }
       70:  968:  _LIBCPP_CONSTEXPR_SINCE_CXX20 _LIBCPP_HIDE_FROM_ABI const allocator_type& __alloc() const _NOEXCEPT {
       70:  969:    return this->__end_cap_.second();
        -:  970:  }
       80:  971:  _LIBCPP_CONSTEXPR_SINCE_CXX20 _LIBCPP_HIDE_FROM_ABI pointer& __end_cap() _NOEXCEPT {
       80:  972:    return this->__end_cap_.first();
        -:  973:  }
       60:  974:  _LIBCPP_CONSTEXPR_SINCE_CXX20 _LIBCPP_HIDE_FROM_ABI const pointer& __end_cap() const _NOEXCEPT {
       60:  975:    return this->__end_cap_.first();
        -:  976:  }
        -:  977:
       50:  978:  _LIBCPP_CONSTEXPR_SINCE_CXX20 _LIBCPP_HIDE_FROM_ABI void __clear() _NOEXCEPT {
       50:  979:    __base_destruct_at_end(this->__begin_);
       50:  980:  }
        -:  981:
       50:  982:  _LIBCPP_CONSTEXPR_SINCE_CXX20 _LIBCPP_HIDE_FROM_ABI void __base_destruct_at_end(pointer __new_last) _NOEXCEPT {
       50:  983:    pointer __soon_to_be_end = this->__end_;
      100:  984:    while (__new_last != __soon_to_be_end)
       50:  985:      __alloc_traits::destroy(__alloc(), std::__to_address(--__soon_to_be_end));
       50:  986:    this->__end_ = __new_last;
       50:  987:  }
        -:  988:
        -:  989:  _LIBCPP_CONSTEXPR_SINCE_CXX20 _LIBCPP_HIDE_FROM_ABI void __copy_assign_alloc(const vector& __c) {
        -:  990:    __copy_assign_alloc(__c, integral_constant<bool, __alloc_traits::propagate_on_container_copy_assignment::value>());
        -:  991:  }
        -:  992:
        -:  993:  _LIBCPP_CONSTEXPR_SINCE_CXX20 _LIBCPP_HIDE_FROM_ABI void __move_assign_alloc(vector& __c)
        -:  994:      _NOEXCEPT_(!__alloc_traits::propagate_on_container_move_assignment::value ||
        -:  995:                 is_nothrow_move_assignable<allocator_type>::value) {
        -:  996:    __move_assign_alloc(__c, integral_constant<bool, __alloc_traits::propagate_on_container_move_assignment::value>());
        -:  997:  }
        -:  998:
    #####:  999:  _LIBCPP_NORETURN _LIBCPP_HIDE_FROM_ABI void __throw_length_error() const { std::__throw_length_error("vector"); }
        -: 1000:
        -: 1001:  _LIBCPP_NORETURN _LIBCPP_HIDE_FROM_ABI void __throw_out_of_range() const { std::__throw_out_of_range("vector"); }
        -: 1002:
        -: 1003:  _LIBCPP_CONSTEXPR_SINCE_CXX20 _LIBCPP_HIDE_FROM_ABI void __copy_assign_alloc(const vector& __c, true_type) {
        -: 1004:    if (__alloc() != __c.__alloc()) {
        -: 1005:      __clear();
        -: 1006:      __annotate_delete();
        -: 1007:      __alloc_traits::deallocate(__alloc(), this->__begin_, capacity());
        -: 1008:      this->__begin_ = this->__end_ = __end_cap() = nullptr;
        -: 1009:    }
        -: 1010:    __alloc() = __c.__alloc();
        -: 1011:  }
        -: 1012:
        -: 1013:  _LIBCPP_CONSTEXPR_SINCE_CXX20 _LIBCPP_HIDE_FROM_ABI void __copy_assign_alloc(const vector&, false_type) {}
        -: 1014:
        -: 1015:  _LIBCPP_CONSTEXPR_SINCE_CXX20 _LIBCPP_HIDE_FROM_ABI void __move_assign_alloc(vector& __c, true_type)
        -: 1016:      _NOEXCEPT_(is_nothrow_move_assignable<allocator_type>::value) {
        -: 1017:    __alloc() = std::move(__c.__alloc());
        -: 1018:  }
        -: 1019:
        -: 1020:  _LIBCPP_CONSTEXPR_SINCE_CXX20 _LIBCPP_HIDE_FROM_ABI void __move_assign_alloc(vector&, false_type) _NOEXCEPT {}
        -: 1021:};
        -: 1022:
        -: 1023:#if _LIBCPP_STD_VER >= 17
        -: 1024:template <class _InputIterator,
        -: 1025:          class _Alloc = allocator<__iter_value_type<_InputIterator>>,
        -: 1026:          class        = enable_if_t<__has_input_iterator_category<_InputIterator>::value>,
        -: 1027:          class        = enable_if_t<__is_allocator<_Alloc>::value> >
        -: 1028:vector(_InputIterator, _InputIterator) -> vector<__iter_value_type<_InputIterator>, _Alloc>;
        -: 1029:
        -: 1030:template <class _InputIterator,
        -: 1031:          class _Alloc,
        -: 1032:          class = enable_if_t<__has_input_iterator_category<_InputIterator>::value>,
        -: 1033:          class = enable_if_t<__is_allocator<_Alloc>::value> >
        -: 1034:vector(_InputIterator, _InputIterator, _Alloc) -> vector<__iter_value_type<_InputIterator>, _Alloc>;
        -: 1035:#endif
        -: 1036:
        -: 1037:#if _LIBCPP_STD_VER >= 23
        -: 1038:template <ranges::input_range _Range,
        -: 1039:          class _Alloc = allocator<ranges::range_value_t<_Range>>,
        -: 1040:          class        = enable_if_t<__is_allocator<_Alloc>::value> >
        -: 1041:vector(from_range_t, _Range&&, _Alloc = _Alloc()) -> vector<ranges::range_value_t<_Range>, _Alloc>;
        -: 1042:#endif
        -: 1043:
        -: 1044:// __swap_out_circular_buffer relocates the objects in [__begin_, __end_) into the front of __v and swaps the buffers of
        -: 1045:// *this and __v. It is assumed that __v provides space for exactly (__end_ - __begin_) objects in the front. This
        -: 1046:// function has a strong exception guarantee.
        -: 1047:template <class _Tp, class _Allocator>
        -: 1048:_LIBCPP_CONSTEXPR_SINCE_CXX20 void
       10: 1049:vector<_Tp, _Allocator>::__swap_out_circular_buffer(__split_buffer<value_type, allocator_type&>& __v) {
       10: 1050:  __annotate_delete();
       10: 1051:  auto __new_begin = __v.__begin_ - (__end_ - __begin_);
       10: 1052:  std::__uninitialized_allocator_relocate(
       10: 1053:      __alloc(), std::__to_address(__begin_), std::__to_address(__end_), std::__to_address(__new_begin));
       10: 1054:  __v.__begin_ = __new_begin;
       10: 1055:  __end_       = __begin_; // All the objects have been destroyed by relocating them.
       10: 1056:  std::swap(this->__begin_, __v.__begin_);
       10: 1057:  std::swap(this->__end_, __v.__end_);
       10: 1058:  std::swap(this->__end_cap(), __v.__end_cap());
       10: 1059:  __v.__first_ = __v.__begin_;
       10: 1060:  __annotate_new(size());
       10: 1061:}
        -: 1062:
        -: 1063:// __swap_out_circular_buffer relocates the objects in [__begin_, __p) into the front of __v, the objects in
        -: 1064:// [__p, __end_) into the back of __v and swaps the buffers of *this and __v. It is assumed that __v provides space for
        -: 1065:// exactly (__p - __begin_) objects in the front and space for at least (__end_ - __p) objects in the back. This
        -: 1066:// function has a strong exception guarantee if __begin_ == __p || __end_ == __p.
        -: 1067:template <class _Tp, class _Allocator>
        -: 1068:_LIBCPP_CONSTEXPR_SINCE_CXX20 typename vector<_Tp, _Allocator>::pointer
        -: 1069:vector<_Tp, _Allocator>::__swap_out_circular_buffer(__split_buffer<value_type, allocator_type&>& __v, pointer __p) {
        -: 1070:  __annotate_delete();
        -: 1071:  pointer __ret = __v.__begin_;
        -: 1072:
        -: 1073:  // Relocate [__p, __end_) first to avoid having a hole in [__begin_, __end_)
        -: 1074:  // in case something in [__begin_, __p) throws.
        -: 1075:  std::__uninitialized_allocator_relocate(
        -: 1076:      __alloc(), std::__to_address(__p), std::__to_address(__end_), std::__to_address(__v.__end_));
        -: 1077:  __v.__end_ += (__end_ - __p);
        -: 1078:  __end_           = __p; // The objects in [__p, __end_) have been destroyed by relocating them.
        -: 1079:  auto __new_begin = __v.__begin_ - (__p - __begin_);
        -: 1080:
        -: 1081:  std::__uninitialized_allocator_relocate(
        -: 1082:      __alloc(), std::__to_address(__begin_), std::__to_address(__p), std::__to_address(__new_begin));
        -: 1083:  __v.__begin_ = __new_begin;
        -: 1084:  __end_       = __begin_; // All the objects have been destroyed by relocating them.
        -: 1085:
        -: 1086:  std::swap(this->__begin_, __v.__begin_);
        -: 1087:  std::swap(this->__end_, __v.__end_);
        -: 1088:  std::swap(this->__end_cap(), __v.__end_cap());
        -: 1089:  __v.__first_ = __v.__begin_;
        -: 1090:  __annotate_new(size());
        -: 1091:  return __ret;
        -: 1092:}
        -: 1093:
        -: 1094:template <class _Tp, class _Allocator>
        -: 1095:_LIBCPP_CONSTEXPR_SINCE_CXX20 void vector<_Tp, _Allocator>::__vdeallocate() _NOEXCEPT {
        -: 1096:  if (this->__begin_ != nullptr) {
        -: 1097:    clear();
        -: 1098:    __annotate_delete();
        -: 1099:    __alloc_traits::deallocate(this->__alloc(), this->__begin_, capacity());
        -: 1100:    this->__begin_ = this->__end_ = this->__end_cap() = nullptr;
        -: 1101:  }
        -: 1102:}
        -: 1103:
        -: 1104:template <class _Tp, class _Allocator>
        -: 1105:_LIBCPP_CONSTEXPR_SINCE_CXX20 typename vector<_Tp, _Allocator>::size_type
       70: 1106:vector<_Tp, _Allocator>::max_size() const _NOEXCEPT {
       70: 1107:  return std::min<size_type>(__alloc_traits::max_size(this->__alloc()), numeric_limits<difference_type>::max());
        -: 1108:}
        -: 1109:
        -: 1110://  Precondition:  __new_size > capacity()
        -: 1111:template <class _Tp, class _Allocator>
        -: 1112:_LIBCPP_CONSTEXPR_SINCE_CXX20 inline _LIBCPP_HIDE_FROM_ABI typename vector<_Tp, _Allocator>::size_type
       10: 1113:vector<_Tp, _Allocator>::__recommend(size_type __new_size) const {
       10: 1114:  const size_type __ms = max_size();
       10: 1115:  if (__new_size > __ms)
    #####: 1116:    this->__throw_length_error();
       10: 1117:  const size_type __cap = capacity();
       10: 1118:  if (__cap >= __ms / 2)
    #####: 1119:    return __ms;
       10: 1120:  return std::max<size_type>(2 * __cap, __new_size);
       10: 1121:}
        -: 1122:
        -: 1123://  Default constructs __n objects starting at __end_
        -: 1124://  throws if construction throws
        -: 1125://  Precondition:  __n > 0
        -: 1126://  Precondition:  size() + __n <= capacity()
        -: 1127://  Postcondition:  size() == size() + __n
        -: 1128:template <class _Tp, class _Allocator>
       30: 1129:_LIBCPP_CONSTEXPR_SINCE_CXX20 void vector<_Tp, _Allocator>::__construct_at_end(size_type __n) {
       30: 1130:  _ConstructTransaction __tx(*this, __n);
       30: 1131:  const_pointer __new_end = __tx.__new_end_;
       60: 1132:  for (pointer __pos = __tx.__pos_; __pos != __new_end; __tx.__pos_ = ++__pos) {
       30: 1133:    __alloc_traits::construct(this->__alloc(), std::__to_address(__pos));
       30: 1134:  }
       30: 1135:}
        -: 1136:
        -: 1137://  Copy constructs __n objects starting at __end_ from __x
        -: 1138://  throws if construction throws
        -: 1139://  Precondition:  __n > 0
        -: 1140://  Precondition:  size() + __n <= capacity()
        -: 1141://  Postcondition:  size() == old size() + __n
        -: 1142://  Postcondition:  [i] == __x for all i in [size() - __n, __n)
        -: 1143:template <class _Tp, class _Allocator>
        -: 1144:_LIBCPP_CONSTEXPR_SINCE_CXX20 inline void
       10: 1145:vector<_Tp, _Allocator>::__construct_at_end(size_type __n, const_reference __x) {
       10: 1146:  _ConstructTransaction __tx(*this, __n);
       10: 1147:  const_pointer __new_end = __tx.__new_end_;
       20: 1148:  for (pointer __pos = __tx.__pos_; __pos != __new_end; __tx.__pos_ = ++__pos) {
       10: 1149:    __alloc_traits::construct(this->__alloc(), std::__to_address(__pos), __x);
       10: 1150:  }
       10: 1151:}
        -: 1152:
        -: 1153:template <class _Tp, class _Allocator>
        -: 1154:template <class _InputIterator, class _Sentinel>
        -: 1155:_LIBCPP_CONSTEXPR_SINCE_CXX20 void
       20: 1156:vector<_Tp, _Allocator>::__construct_at_end(_InputIterator __first, _Sentinel __last, size_type __n) {
       20: 1157:  _ConstructTransaction __tx(*this, __n);
       20: 1158:  __tx.__pos_ = std::__uninitialized_allocator_copy(__alloc(), __first, __last, __tx.__pos_);
       20: 1159:}
        -: 1160:
        -: 1161://  Default constructs __n objects starting at __end_
        -: 1162://  throws if construction throws
        -: 1163://  Postcondition:  size() == size() + __n
        -: 1164://  Exception safety: strong.
        -: 1165:template <class _Tp, class _Allocator>
        -: 1166:_LIBCPP_CONSTEXPR_SINCE_CXX20 void vector<_Tp, _Allocator>::__append(size_type __n) {
        -: 1167:  if (static_cast<size_type>(this->__end_cap() - this->__end_) >= __n)
        -: 1168:    this->__construct_at_end(__n);
        -: 1169:  else {
        -: 1170:    allocator_type& __a = this->__alloc();
        -: 1171:    __split_buffer<value_type, allocator_type&> __v(__recommend(size() + __n), size(), __a);
        -: 1172:    __v.__construct_at_end(__n);
        -: 1173:    __swap_out_circular_buffer(__v);
        -: 1174:  }
        -: 1175:}
        -: 1176:
        -: 1177://  Default constructs __n objects starting at __end_
        -: 1178://  throws if construction throws
        -: 1179://  Postcondition:  size() == size() + __n
        -: 1180://  Exception safety: strong.
        -: 1181:template <class _Tp, class _Allocator>
        -: 1182:_LIBCPP_CONSTEXPR_SINCE_CXX20 void vector<_Tp, _Allocator>::__append(size_type __n, const_reference __x) {
        -: 1183:  if (static_cast<size_type>(this->__end_cap() - this->__end_) >= __n)
        -: 1184:    this->__construct_at_end(__n, __x);
        -: 1185:  else {
        -: 1186:    allocator_type& __a = this->__alloc();
        -: 1187:    __split_buffer<value_type, allocator_type&> __v(__recommend(size() + __n), size(), __a);
        -: 1188:    __v.__construct_at_end(__n, __x);
        -: 1189:    __swap_out_circular_buffer(__v);
        -: 1190:  }
        -: 1191:}
        -: 1192:
        -: 1193:template <class _Tp, class _Allocator>
        -: 1194:template <class _InputIterator,
        -: 1195:          __enable_if_t<__has_exactly_input_iterator_category<_InputIterator>::value &&
        -: 1196:                            is_constructible<_Tp, typename iterator_traits<_InputIterator>::reference>::value,
        -: 1197:                        int> >
        -: 1198:_LIBCPP_CONSTEXPR_SINCE_CXX20 vector<_Tp, _Allocator>::vector(_InputIterator __first, _InputIterator __last) {
        -: 1199:  __init_with_sentinel(__first, __last);
        -: 1200:}
        -: 1201:
        -: 1202:template <class _Tp, class _Allocator>
        -: 1203:template <class _InputIterator,
        -: 1204:          __enable_if_t<__has_exactly_input_iterator_category<_InputIterator>::value &&
        -: 1205:                            is_constructible<_Tp, typename iterator_traits<_InputIterator>::reference>::value,
        -: 1206:                        int> >
        -: 1207:_LIBCPP_CONSTEXPR_SINCE_CXX20
        -: 1208:vector<_Tp, _Allocator>::vector(_InputIterator __first, _InputIterator __last, const allocator_type& __a)
        -: 1209:    : __end_cap_(nullptr, __a) {
        -: 1210:  __init_with_sentinel(__first, __last);
        -: 1211:}
        -: 1212:
        -: 1213:template <class _Tp, class _Allocator>
        -: 1214:template <class _ForwardIterator,
        -: 1215:          __enable_if_t<__has_forward_iterator_category<_ForwardIterator>::value &&
        -: 1216:                            is_constructible<_Tp, typename iterator_traits<_ForwardIterator>::reference>::value,
        -: 1217:                        int> >
        -: 1218:_LIBCPP_CONSTEXPR_SINCE_CXX20 vector<_Tp, _Allocator>::vector(_ForwardIterator __first, _ForwardIterator __last) {
        -: 1219:  size_type __n = static_cast<size_type>(std::distance(__first, __last));
        -: 1220:  __init_with_size(__first, __last, __n);
        -: 1221:}
        -: 1222:
        -: 1223:template <class _Tp, class _Allocator>
        -: 1224:template <class _ForwardIterator,
        -: 1225:          __enable_if_t<__has_forward_iterator_category<_ForwardIterator>::value &&
        -: 1226:                            is_constructible<_Tp, typename iterator_traits<_ForwardIterator>::reference>::value,
        -: 1227:                        int> >
        -: 1228:_LIBCPP_CONSTEXPR_SINCE_CXX20
        -: 1229:vector<_Tp, _Allocator>::vector(_ForwardIterator __first, _ForwardIterator __last, const allocator_type& __a)
        -: 1230:    : __end_cap_(nullptr, __a) {
        -: 1231:  size_type __n = static_cast<size_type>(std::distance(__first, __last));
        -: 1232:  __init_with_size(__first, __last, __n);
        -: 1233:}
        -: 1234:
        -: 1235:template <class _Tp, class _Allocator>
        -: 1236:_LIBCPP_CONSTEXPR_SINCE_CXX20 vector<_Tp, _Allocator>::vector(const vector& __x)
        -: 1237:    : __end_cap_(nullptr, __alloc_traits::select_on_container_copy_construction(__x.__alloc())) {
        -: 1238:  __init_with_size(__x.__begin_, __x.__end_, __x.size());
        -: 1239:}
        -: 1240:
        -: 1241:template <class _Tp, class _Allocator>
        -: 1242:_LIBCPP_CONSTEXPR_SINCE_CXX20
        -: 1243:vector<_Tp, _Allocator>::vector(const vector& __x, const __type_identity_t<allocator_type>& __a)
        -: 1244:    : __end_cap_(nullptr, __a) {
        -: 1245:  __init_with_size(__x.__begin_, __x.__end_, __x.size());
        -: 1246:}
        -: 1247:
        -: 1248:template <class _Tp, class _Allocator>
        -: 1249:_LIBCPP_CONSTEXPR_SINCE_CXX20 inline _LIBCPP_HIDE_FROM_ABI vector<_Tp, _Allocator>::vector(vector&& __x)
        -: 1250:#if _LIBCPP_STD_VER >= 17
        -: 1251:    noexcept
        -: 1252:#else
        -: 1253:    _NOEXCEPT_(is_nothrow_move_constructible<allocator_type>::value)
        -: 1254:#endif
        -: 1255:    : __end_cap_(nullptr, std::move(__x.__alloc())) {
        -: 1256:  this->__begin_    = __x.__begin_;
        -: 1257:  this->__end_      = __x.__end_;
        -: 1258:  this->__end_cap() = __x.__end_cap();
        -: 1259:  __x.__begin_ = __x.__end_ = __x.__end_cap() = nullptr;
        -: 1260:}
        -: 1261:
        -: 1262:template <class _Tp, class _Allocator>
        -: 1263:_LIBCPP_CONSTEXPR_SINCE_CXX20 inline _LIBCPP_HIDE_FROM_ABI
        -: 1264:vector<_Tp, _Allocator>::vector(vector&& __x, const __type_identity_t<allocator_type>& __a)
        -: 1265:    : __end_cap_(nullptr, __a) {
        -: 1266:  if (__a == __x.__alloc()) {
        -: 1267:    this->__begin_    = __x.__begin_;
        -: 1268:    this->__end_      = __x.__end_;
        -: 1269:    this->__end_cap() = __x.__end_cap();
        -: 1270:    __x.__begin_ = __x.__end_ = __x.__end_cap() = nullptr;
        -: 1271:  } else {
        -: 1272:    typedef move_iterator<iterator> _Ip;
        -: 1273:    auto __guard = std::__make_exception_guard(__destroy_vector(*this));
        -: 1274:    assign(_Ip(__x.begin()), _Ip(__x.end()));
        -: 1275:    __guard.__complete();
        -: 1276:  }
        -: 1277:}
        -: 1278:
        -: 1279:#ifndef _LIBCPP_CXX03_LANG
        -: 1280:
        -: 1281:template <class _Tp, class _Allocator>
        -: 1282:_LIBCPP_CONSTEXPR_SINCE_CXX20 inline _LIBCPP_HIDE_FROM_ABI
       20: 1283:vector<_Tp, _Allocator>::vector(initializer_list<value_type> __il) {
       20: 1284:  auto __guard = std::__make_exception_guard(__destroy_vector(*this));
       20: 1285:  if (__il.size() > 0) {
       20: 1286:    __vallocate(__il.size());
       20: 1287:    __construct_at_end(__il.begin(), __il.end(), __il.size());
       20: 1288:  }
       20: 1289:  __guard.__complete();
       20: 1290:}
        -: 1291:
        -: 1292:template <class _Tp, class _Allocator>
        -: 1293:_LIBCPP_CONSTEXPR_SINCE_CXX20 inline _LIBCPP_HIDE_FROM_ABI
        -: 1294:vector<_Tp, _Allocator>::vector(initializer_list<value_type> __il, const allocator_type& __a)
        -: 1295:    : __end_cap_(nullptr, __a) {
        -: 1296:  auto __guard = std::__make_exception_guard(__destroy_vector(*this));
        -: 1297:  if (__il.size() > 0) {
        -: 1298:    __vallocate(__il.size());
        -: 1299:    __construct_at_end(__il.begin(), __il.end(), __il.size());
        -: 1300:  }
        -: 1301:  __guard.__complete();
        -: 1302:}
        -: 1303:
        -: 1304:#endif // _LIBCPP_CXX03_LANG
        -: 1305:
        -: 1306:template <class _Tp, class _Allocator>
        -: 1307:_LIBCPP_CONSTEXPR_SINCE_CXX20 inline _LIBCPP_HIDE_FROM_ABI vector<_Tp, _Allocator>&
        -: 1308:vector<_Tp, _Allocator>::operator=(vector&& __x)
        -: 1309:    _NOEXCEPT_(__noexcept_move_assign_container<_Allocator, __alloc_traits>::value) {
        -: 1310:  __move_assign(__x, integral_constant<bool, __alloc_traits::propagate_on_container_move_assignment::value>());
        -: 1311:  return *this;
        -: 1312:}
        -: 1313:
        -: 1314:template <class _Tp, class _Allocator>
        -: 1315:_LIBCPP_CONSTEXPR_SINCE_CXX20 void vector<_Tp, _Allocator>::__move_assign(vector& __c, false_type)
        -: 1316:    _NOEXCEPT_(__alloc_traits::is_always_equal::value) {
        -: 1317:  if (__alloc() != __c.__alloc()) {
        -: 1318:    typedef move_iterator<iterator> _Ip;
        -: 1319:    assign(_Ip(__c.begin()), _Ip(__c.end()));
        -: 1320:  } else
        -: 1321:    __move_assign(__c, true_type());
        -: 1322:}
        -: 1323:
        -: 1324:template <class _Tp, class _Allocator>
        -: 1325:_LIBCPP_CONSTEXPR_SINCE_CXX20 void vector<_Tp, _Allocator>::__move_assign(vector& __c, true_type)
        -: 1326:    _NOEXCEPT_(is_nothrow_move_assignable<allocator_type>::value) {
        -: 1327:  __vdeallocate();
        -: 1328:  __move_assign_alloc(__c); // this can throw
        -: 1329:  this->__begin_    = __c.__begin_;
        -: 1330:  this->__end_      = __c.__end_;
        -: 1331:  this->__end_cap() = __c.__end_cap();
        -: 1332:  __c.__begin_ = __c.__end_ = __c.__end_cap() = nullptr;
        -: 1333:}
        -: 1334:
        -: 1335:template <class _Tp, class _Allocator>
        -: 1336:_LIBCPP_CONSTEXPR_SINCE_CXX20 inline _LIBCPP_HIDE_FROM_ABI vector<_Tp, _Allocator>&
        -: 1337:vector<_Tp, _Allocator>::operator=(const vector& __x) {
        -: 1338:  if (this != std::addressof(__x)) {
        -: 1339:    __copy_assign_alloc(__x);
        -: 1340:    assign(__x.__begin_, __x.__end_);
        -: 1341:  }
        -: 1342:  return *this;
        -: 1343:}
        -: 1344:
        -: 1345:template <class _Tp, class _Allocator>
        -: 1346:template <class _InputIterator,
        -: 1347:          __enable_if_t<__has_exactly_input_iterator_category<_InputIterator>::value &&
        -: 1348:                            is_constructible<_Tp, typename iterator_traits<_InputIterator>::reference>::value,
        -: 1349:                        int> >
        -: 1350:_LIBCPP_CONSTEXPR_SINCE_CXX20 void vector<_Tp, _Allocator>::assign(_InputIterator __first, _InputIterator __last) {
[...]
        -: 2635:    __v.__vallocate(__n);
        -: 2636:    __v.__construct_at_end(this->begin(), this->end(), this->size());
        -: 2637:    swap(__v);
        -: 2638:  }
        -: 2639:}
        -: 2640:
        -: 2641:template <class _Allocator>
        -: 2642:_LIBCPP_CONSTEXPR_SINCE_CXX20 void vector<bool, _Allocator>::shrink_to_fit() _NOEXCEPT {
        -: 2643:  if (__external_cap_to_internal(size()) > __cap()) {
        -: 2644:#ifndef _LIBCPP_HAS_NO_EXCEPTIONS
        -: 2645:    try {
        -: 2646:#endif // _LIBCPP_HAS_NO_EXCEPTIONS
        -: 2647:      vector(*this, allocator_type(__alloc())).swap(*this);
        -: 2648:#ifndef _LIBCPP_HAS_NO_EXCEPTIONS
        -: 2649:    } catch (...) {
        -: 2650:    }
        -: 2651:#endif // _LIBCPP_HAS_NO_EXCEPTIONS
        -: 2652:  }
        -: 2653:}
        -: 2654:
        -: 2655:template <class _Allocator>
        -: 2656:typename vector<bool, _Allocator>::reference vector<bool, _Allocator>::at(size_type __n) {
        -: 2657:  if (__n >= size())
        -: 2658:    this->__throw_out_of_range();
        -: 2659:  return (*this)[__n];
        -: 2660:}
        -: 2661:
        -: 2662:template <class _Allocator>
        -: 2663:typename vector<bool, _Allocator>::const_reference vector<bool, _Allocator>::at(size_type __n) const {
        -: 2664:  if (__n >= size())
        -: 2665:    this->__throw_out_of_range();
        -: 2666:  return (*this)[__n];
        -: 2667:}
        -: 2668:
        -: 2669:template <class _Allocator>
        -: 2670:_LIBCPP_CONSTEXPR_SINCE_CXX20 void vector<bool, _Allocator>::push_back(const value_type& __x) {
        -: 2671:  if (this->__size_ == this->capacity())
        -: 2672:    reserve(__recommend(this->__size_ + 1));
        -: 2673:  ++this->__size_;
        -: 2674:  back() = __x;
        -: 2675:}
        -: 2676:
        -: 2677:template <class _Allocator>
        -: 2678:_LIBCPP_CONSTEXPR_SINCE_CXX20 typename vector<bool, _Allocator>::iterator
        -: 2679:vector<bool, _Allocator>::insert(const_iterator __position, const value_type& __x) {
        -: 2680:  iterator __r;
        -: 2681:  if (size() < capacity()) {
        -: 2682:    const_iterator __old_end = end();
        -: 2683:    ++__size_;
        -: 2684:    std::copy_backward(__position, __old_end, end());
        -: 2685:    __r = __const_iterator_cast(__position);
        -: 2686:  } else {
        -: 2687:    vector __v(get_allocator());
        -: 2688:    __v.reserve(__recommend(__size_ + 1));
        -: 2689:    __v.__size_ = __size_ + 1;
        -: 2690:    __r         = std::copy(cbegin(), __position, __v.begin());
        -: 2691:    std::copy_backward(__position, cend(), __v.end());
        -: 2692:    swap(__v);
        -: 2693:  }
        -: 2694:  *__r = __x;
        -: 2695:  return __r;
        -: 2696:}
        -: 2697:
        -: 2698:template <class _Allocator>
        -: 2699:_LIBCPP_CONSTEXPR_SINCE_CXX20 typename vector<bool, _Allocator>::iterator
        -: 2700:vector<bool, _Allocator>::insert(const_iterator __position, size_type __n, const value_type& __x) {
        -: 2701:  iterator __r;
        -: 2702:  size_type __c = capacity();
        -: 2703:  if (__n <= __c && size() <= __c - __n) {
        -: 2704:    const_iterator __old_end = end();
        -: 2705:    __size_ += __n;
        -: 2706:    std::copy_backward(__position, __old_end, end());
        -: 2707:    __r = __const_iterator_cast(__position);
        -: 2708:  } else {
        -: 2709:    vector __v(get_allocator());
        -: 2710:    __v.reserve(__recommend(__size_ + __n));
        -: 2711:    __v.__size_ = __size_ + __n;
        -: 2712:    __r         = std::copy(cbegin(), __position, __v.begin());
        -: 2713:    std::copy_backward(__position, cend(), __v.end());
        -: 2714:    swap(__v);
        -: 2715:  }
        -: 2716:  std::fill_n(__r, __n, __x);
        -: 2717:  return __r;
        -: 2718:}
        -: 2719:
        -: 2720:template <class _Allocator>
        -: 2721:template <class _InputIterator, __enable_if_t<__has_exactly_input_iterator_category<_InputIterator>::value, int> >
        -: 2722:_LIBCPP_CONSTEXPR_SINCE_CXX20 typename vector<bool, _Allocator>::iterator
        -: 2723:vector<bool, _Allocator>::insert(const_iterator __position, _InputIterator __first, _InputIterator __last) {
        -: 2724:  return __insert_with_sentinel(__position, __first, __last);
        -: 2725:}
        -: 2726:
        -: 2727:template <class _Allocator>
        -: 2728:template <class _InputIterator, class _Sentinel>
        -: 2729:_LIBCPP_CONSTEXPR_SINCE_CXX20 _LIBCPP_HIDE_FROM_ABI typename vector<bool, _Allocator>::iterator
        -: 2730:vector<bool, _Allocator>::__insert_with_sentinel(const_iterator __position, _InputIterator __first, _Sentinel __last) {
        -: 2731:  difference_type __off = __position - begin();
        -: 2732:  iterator __p          = __const_iterator_cast(__position);
        -: 2733:  iterator __old_end    = end();
        -: 2734:  for (; size() != capacity() && __first != __last; ++__first) {
        -: 2735:    ++this->__size_;
        -: 2736:    back() = *__first;
        -: 2737:  }
        -: 2738:  vector __v(get_allocator());
        -: 2739:  if (__first != __last) {
        -: 2740:#ifndef _LIBCPP_HAS_NO_EXCEPTIONS
        -: 2741:    try {
        -: 2742:#endif // _LIBCPP_HAS_NO_EXCEPTIONS
        -: 2743:      __v.__assign_with_sentinel(std::move(__first), std::move(__last));
        -: 2744:      difference_type __old_size = static_cast<difference_type>(__old_end - begin());
        -: 2745:      difference_type __old_p    = __p - begin();
        -: 2746:      reserve(__recommend(size() + __v.size()));
        -: 2747:      __p       = begin() + __old_p;
        -: 2748:      __old_end = begin() + __old_size;
        -: 2749:#ifndef _LIBCPP_HAS_NO_EXCEPTIONS
        -: 2750:    } catch (...) {
        -: 2751:      erase(__old_end, end());
        -: 2752:      throw;
        -: 2753:    }
        -: 2754:#endif // _LIBCPP_HAS_NO_EXCEPTIONS
        -: 2755:  }
        -: 2756:  __p = std::rotate(__p, __old_end, end());
        -: 2757:  insert(__p, __v.begin(), __v.end());
        -: 2758:  return begin() + __off;
        -: 2759:}
        -: 2760:
        -: 2761:template <class _Allocator>
        -: 2762:template <class _ForwardIterator, __enable_if_t<__has_forward_iterator_category<_ForwardIterator>::value, int> >
        -: 2763:_LIBCPP_CONSTEXPR_SINCE_CXX20 typename vector<bool, _Allocator>::iterator
        -: 2764:vector<bool, _Allocator>::insert(const_iterator __position, _ForwardIterator __first, _ForwardIterator __last) {
        -: 2765:  return __insert_with_size(__position, __first, __last, std::distance(__first, __last));
        -: 2766:}
        -: 2767:
        -: 2768:template <class _Allocator>
        -: 2769:template <class _ForwardIterator, class _Sentinel>
        -: 2770:_LIBCPP_CONSTEXPR_SINCE_CXX20 _LIBCPP_HIDE_FROM_ABI typename vector<bool, _Allocator>::iterator
        -: 2771:vector<bool, _Allocator>::__insert_with_size(
        -: 2772:    const_iterator __position, _ForwardIterator __first, _Sentinel __last, difference_type __n_signed) {
        -: 2773:  _LIBCPP_ASSERT_VALID_INPUT_RANGE(__n_signed >= 0, "invalid range specified");
        -: 2774:  const size_type __n = static_cast<size_type>(__n_signed);
        -: 2775:  iterator __r;
        -: 2776:  size_type __c = capacity();
        -: 2777:  if (__n <= __c && size() <= __c - __n) {
        -: 2778:    const_iterator __old_end = end();
        -: 2779:    __size_ += __n;
        -: 2780:    std::copy_backward(__position, __old_end, end());
        -: 2781:    __r = __const_iterator_cast(__position);
        -: 2782:  } else {
        -: 2783:    vector __v(get_allocator());
        -: 2784:    __v.reserve(__recommend(__size_ + __n));
        -: 2785:    __v.__size_ = __size_ + __n;
        -: 2786:    __r         = std::copy(cbegin(), __position, __v.begin());
        -: 2787:    std::copy_backward(__position, cend(), __v.end());
        -: 2788:    swap(__v);
        -: 2789:  }
        -: 2790:  std::__copy<_ClassicAlgPolicy>(__first, __last, __r);
        -: 2791:  return __r;
        -: 2792:}
        -: 2793:
        -: 2794:template <class _Allocator>
        -: 2795:inline _LIBCPP_HIDE_FROM_ABI _LIBCPP_CONSTEXPR_SINCE_CXX20 typename vector<bool, _Allocator>::iterator
        -: 2796:vector<bool, _Allocator>::erase(const_iterator __position) {
        -: 2797:  iterator __r = __const_iterator_cast(__position);
        -: 2798:  std::copy(__position + 1, this->cend(), __r);
        -: 2799:  --__size_;
        -: 2800:  return __r;
        -: 2801:}
        -: 2802:
        -: 2803:template <class _Allocator>
        -: 2804:_LIBCPP_CONSTEXPR_SINCE_CXX20 typename vector<bool, _Allocator>::iterator
        -: 2805:vector<bool, _Allocator>::erase(const_iterator __first, const_iterator __last) {
        -: 2806:  iterator __r        = __const_iterator_cast(__first);
        -: 2807:  difference_type __d = __last - __first;
        -: 2808:  std::copy(__last, this->cend(), __r);
        -: 2809:  __size_ -= __d;
        -: 2810:  return __r;
        -: 2811:}
        -: 2812:
        -: 2813:template <class _Allocator>
        -: 2814:_LIBCPP_CONSTEXPR_SINCE_CXX20 void vector<bool, _Allocator>::swap(vector& __x)
        -: 2815:#if _LIBCPP_STD_VER >= 14
        -: 2816:    _NOEXCEPT
        -: 2817:#else
        -: 2818:    _NOEXCEPT_(!__alloc_traits::propagate_on_container_swap::value || __is_nothrow_swappable_v<allocator_type>)
        -: 2819:#endif
        -: 2820:{
        -: 2821:  std::swap(this->__begin_, __x.__begin_);
        -: 2822:  std::swap(this->__size_, __x.__size_);
        -: 2823:  std::swap(this->__cap(), __x.__cap());
        -: 2824:  std::__swap_allocator(
        -: 2825:      this->__alloc(), __x.__alloc(), integral_constant<bool, __alloc_traits::propagate_on_container_swap::value>());
        -: 2826:}
        -: 2827:
        -: 2828:template <class _Allocator>
        -: 2829:_LIBCPP_CONSTEXPR_SINCE_CXX20 void vector<bool, _Allocator>::resize(size_type __sz, value_type __x) {
        -: 2830:  size_type __cs = size();
        -: 2831:  if (__cs < __sz) {
        -: 2832:    iterator __r;
        -: 2833:    size_type __c = capacity();
        -: 2834:    size_type __n = __sz - __cs;
        -: 2835:    if (__n <= __c && __cs <= __c - __n) {
        -: 2836:      __r = end();
        -: 2837:      __size_ += __n;
        -: 2838:    } else {
        -: 2839:      vector __v(get_allocator());
        -: 2840:      __v.reserve(__recommend(__size_ + __n));
        -: 2841:      __v.__size_ = __size_ + __n;
        -: 2842:      __r         = std::copy(cbegin(), cend(), __v.begin());
        -: 2843:      swap(__v);
        -: 2844:    }
        -: 2845:    std::fill_n(__r, __n, __x);
        -: 2846:  } else
        -: 2847:    __size_ = __sz;
        -: 2848:}
        -: 2849:
        -: 2850:template <class _Allocator>
        -: 2851:_LIBCPP_CONSTEXPR_SINCE_CXX20 void vector<bool, _Allocator>::flip() _NOEXCEPT {
        -: 2852:  // do middle whole words
        -: 2853:  size_type __n         = __size_;
        -: 2854:  __storage_pointer __p = __begin_;
        -: 2855:  for (; __n >= __bits_per_word; ++__p, __n -= __bits_per_word)
        -: 2856:    *__p = ~*__p;
        -: 2857:  // do last partial word
        -: 2858:  if (__n > 0) {
        -: 2859:    __storage_type __m = ~__storage_type(0) >> (__bits_per_word - __n);
        -: 2860:    __storage_type __b = *__p & __m;
        -: 2861:    *__p &= ~__m;
        -: 2862:    *__p |= ~__b & __m;
        -: 2863:  }
        -: 2864:}
        -: 2865:
        -: 2866:template <class _Allocator>
        -: 2867:_LIBCPP_CONSTEXPR_SINCE_CXX20 bool vector<bool, _Allocator>::__invariants() const {
        -: 2868:  if (this->__begin_ == nullptr) {
        -: 2869:    if (this->__size_ != 0 || this->__cap() != 0)
        -: 2870:      return false;
        -: 2871:  } else {
        -: 2872:    if (this->__cap() == 0)
        -: 2873:      return false;
        -: 2874:    if (this->__size_ > this->capacity())
        -: 2875:      return false;
        -: 2876:  }
        -: 2877:  return true;
        -: 2878:}
        -: 2879:
        -: 2880:template <class _Allocator>
        -: 2881:_LIBCPP_CONSTEXPR_SINCE_CXX20 size_t vector<bool, _Allocator>::__hash_code() const _NOEXCEPT {
        -: 2882:  size_t __h = 0;
        -: 2883:  // do middle whole words
        -: 2884:  size_type __n         = __size_;
        -: 2885:  __storage_pointer __p = __begin_;
        -: 2886:  for (; __n >= __bits_per_word; ++__p, __n -= __bits_per_word)
        -: 2887:    __h ^= *__p;
        -: 2888:  // do last partial word
        -: 2889:  if (__n > 0) {
        -: 2890:    const __storage_type __m = ~__storage_type(0) >> (__bits_per_word - __n);
        -: 2891:    __h ^= *__p & __m;
        -: 2892:  }
        -: 2893:  return __h;
        -: 2894:}
        -: 2895:
        -: 2896:template <class _Allocator>
        -: 2897:struct _LIBCPP_TEMPLATE_VIS hash<vector<bool, _Allocator> >
        -: 2898:    : public __unary_function<vector<bool, _Allocator>, size_t> {
        -: 2899:  _LIBCPP_HIDE_FROM_ABI _LIBCPP_CONSTEXPR_SINCE_CXX20 size_t
        -: 2900:  operator()(const vector<bool, _Allocator>& __vec) const _NOEXCEPT {
        -: 2901:    return __vec.__hash_code();
        -: 2902:  }
        -: 2903:};
        -: 2904:
        -: 2905:template <class _Tp, class _Allocator>
        -: 2906:_LIBCPP_CONSTEXPR_SINCE_CXX20 inline _LIBCPP_HIDE_FROM_ABI bool
        -: 2907:operator==(const vector<_Tp, _Allocator>& __x, const vector<_Tp, _Allocator>& __y) {
        -: 2908:  const typename vector<_Tp, _Allocator>::size_type __sz = __x.size();
        -: 2909:  return __sz == __y.size() && std::equal(__x.begin(), __x.end(), __y.begin());
        -: 2910:}
        -: 2911:
        -: 2912:#if _LIBCPP_STD_VER <= 17
        -: 2913:
        -: 2914:template <class _Tp, class _Allocator>
        -: 2915:inline _LIBCPP_HIDE_FROM_ABI bool operator!=(const vector<_Tp, _Allocator>& __x, const vector<_Tp, _Allocator>& __y) {
        -: 2916:  return !(__x == __y);
        -: 2917:}
        -: 2918:
        -: 2919:template <class _Tp, class _Allocator>
        -: 2920:inline _LIBCPP_HIDE_FROM_ABI bool operator<(const vector<_Tp, _Allocator>& __x, const vector<_Tp, _Allocator>& __y) {
        -: 2921:  return std::lexicographical_compare(__x.begin(), __x.end(), __y.begin(), __y.end());
        -: 2922:}
        -: 2923:
        -: 2924:template <class _Tp, class _Allocator>
        -: 2925:inline _LIBCPP_HIDE_FROM_ABI bool operator>(const vector<_Tp, _Allocator>& __x, const vector<_Tp, _Allocator>& __y) {
        -: 2926:  return __y < __x;
        -: 2927:}
        -: 2928:
        -: 2929:template <class _Tp, class _Allocator>
        -: 2930:inline _LIBCPP_HIDE_FROM_ABI bool operator>=(const vector<_Tp, _Allocator>& __x, const vector<_Tp, _Allocator>& __y) {
        -: 2931:  return !(__x < __y);
        -: 2932:}
        -: 2933:
        -: 2934:template <class _Tp, class _Allocator>
        -: 2935:inline _LIBCPP_HIDE_FROM_ABI bool operator<=(const vector<_Tp, _Allocator>& __x, const vector<_Tp, _Allocator>& __y) {
        -: 2936:  return !(__y < __x);
        -: 2937:}
        -: 2938:
        -: 2939:#else // _LIBCPP_STD_VER <= 17
        -: 2940:
        -: 2941:template <class _Tp, class _Allocator>
        -: 2942:_LIBCPP_HIDE_FROM_ABI constexpr __synth_three_way_result<_Tp>
        -: 2943:operator<=>(const vector<_Tp, _Allocator>& __x, const vector<_Tp, _Allocator>& __y) {
        -: 2944:  return std::lexicographical_compare_three_way(
        -: 2945:      __x.begin(), __x.end(), __y.begin(), __y.end(), std::__synth_three_way);
        -: 2946:}
        -: 2947:
        -: 2948:#endif // _LIBCPP_STD_VER <= 17
        -: 2949:
        -: 2950:template <class _Tp, class _Allocator>
        -: 2951:_LIBCPP_CONSTEXPR_SINCE_CXX20 inline _LIBCPP_HIDE_FROM_ABI void
        -: 2952:swap(vector<_Tp, _Allocator>& __x, vector<_Tp, _Allocator>& __y) _NOEXCEPT_(_NOEXCEPT_(__x.swap(__y))) {
        -: 2953:  __x.swap(__y);
        -: 2954:}
        -: 2955:
        -: 2956:#if _LIBCPP_STD_VER >= 20
        -: 2957:template <class _Tp, class _Allocator, class _Up>
        -: 2958:_LIBCPP_CONSTEXPR_SINCE_CXX20 inline _LIBCPP_HIDE_FROM_ABI typename vector<_Tp, _Allocator>::size_type
        -: 2959:erase(vector<_Tp, _Allocator>& __c, const _Up& __v) {
        -: 2960:  auto __old_size = __c.size();
        -: 2961:  __c.erase(std::remove(__c.begin(), __c.end(), __v), __c.end());
        -: 2962:  return __old_size - __c.size();
        -: 2963:}
        -: 2964:
        -: 2965:template <class _Tp, class _Allocator, class _Predicate>
        -: 2966:_LIBCPP_CONSTEXPR_SINCE_CXX20 inline _LIBCPP_HIDE_FROM_ABI typename vector<_Tp, _Allocator>::size_type
        -: 2967:erase_if(vector<_Tp, _Allocator>& __c, _Predicate __pred) {
        -: 2968:  auto __old_size = __c.size();
        -: 2969:  __c.erase(std::remove_if(__c.begin(), __c.end(), __pred), __c.end());
        -: 2970:  return __old_size - __c.size();
        -: 2971:}
        -: 2972:
        -: 2973:template <>
        -: 2974:inline constexpr bool __format::__enable_insertable<vector<char>> = true;
        -: 2975:#  ifndef _LIBCPP_HAS_NO_WIDE_CHARACTERS
        -: 2976:template <>
        -: 2977:inline constexpr bool __format::__enable_insertable<vector<wchar_t>> = true;
        -: 2978:#  endif
        -: 2979:
        -: 2980:#endif // _LIBCPP_STD_VER >= 20
        -: 2981:
        -: 2982:#if _LIBCPP_STD_VER >= 23
        -: 2983:template <class _Tp, class _CharT>
        -: 2984:// Since is-vector-bool-reference is only used once it's inlined here.
        -: 2985:  requires same_as<typename _Tp::__container, vector<bool, typename _Tp::__container::allocator_type>>
        -: 2986:struct _LIBCPP_TEMPLATE_VIS formatter<_Tp, _CharT> {
        -: 2987:private:
        -: 2988:  formatter<bool, _CharT> __underlying_;
        -: 2989:
        -: 2990:public:
        -: 2991:  template <class _ParseContext>
        -: 2992:  _LIBCPP_HIDE_FROM_ABI constexpr typename _ParseContext::iterator parse(_ParseContext& __ctx) {
        -: 2993:    return __underlying_.parse(__ctx);
        -: 2994:  }
        -: 2995:
        -: 2996:  template <class _FormatContext>
        -: 2997:  _LIBCPP_HIDE_FROM_ABI typename _FormatContext::iterator format(const _Tp& __ref, _FormatContext& __ctx) const {
        -: 2998:    return __underlying_.format(__ref, __ctx);
        -: 2999:  }
        -: 3000:};
        -: 3001:#endif // _LIBCPP_STD_VER >= 23
        -: 3002:
        -: 3003:_LIBCPP_END_NAMESPACE_STD
        -: 3004:
        -: 3005:#if _LIBCPP_STD_VER >= 17
        -: 3006:_LIBCPP_BEGIN_NAMESPACE_STD
        -: 3007:namespace pmr {
        -: 3008:template <class _ValueT>
        -: 3009:using vector _LIBCPP_AVAILABILITY_PMR = std::vector<_ValueT, polymorphic_allocator<_ValueT>>;
        -: 3010:} // namespace pmr
        -: 3011:_LIBCPP_END_NAMESPACE_STD
        -: 3012:#endif
        -: 3013:
        -: 3014:_LIBCPP_POP_MACROS
        -: 3015:
        -: 3016:#if !defined(_LIBCPP_REMOVE_TRANSITIVE_INCLUDES) && _LIBCPP_STD_VER <= 20
        -: 3017:#  include <algorithm>
        -: 3018:#  include <atomic>
        -: 3019:#  include <concepts>
        -: 3020:#  include <cstdlib>
        -: 3021:#  include <iosfwd>
        -: 3022:#  if !defined(_LIBCPP_HAS_NO_LOCALIZATION)
        -: 3023:#    include <locale>
        -: 3024:#  endif
        -: 3025:#  include <tuple>
        -: 3026:#  include <type_traits>
        -: 3027:#  include <typeinfo>
        -: 3028:#  include <utility>
        -: 3029:#endif
        -: 3030:
        -: 3031:#endif // _LIBCPP_VECTOR
